==========test_remove_chars_whitelist==========
==========test_new_board==========
==========test_collision==========
==========test_pawn==========
==========test_tower==========
==========test_bishop==========
==========test_knight==========
==========test_queen==========
==========test_king==========
==========test_apply_step==========


remove_chars_whitelist [92m[OK][0m
new_board [92m[OK][0m
collision [92m[OK][0m
pawn [92m[OK][0m
tower [92m[OK][0m
bishop [92m[OK][0m
knight [92m[OK][0m
king [92m[OK][0m
apply_step [92m[OK][0m
queen [91m[ERR][0m
------LOG START-----
♕
wrong chosen
♕
checking queen
[0, 0] [1, 0]
collision checking [['♕', '□', '□', '□', '□', '□', '□', '□'], ['□', '□', '□', '□', '□', '□', '□', '□'], ['□', '□', '□', '□', '□', '□', '□', '□'], ['□', '□', '□', '□', '□', '□', '□', '□'], ['□', '□', '□', '□', '□', '□', '□', '□'], ['□', '□', '□', '□', '□', '□', '□', '□'], ['□', '□', '□', '□', '□', '□', '□', '□'], ['□', '□', '□', '□', '□', '□', '□', '□']] [0, 0] [1, 0]
(0, 0)
(1, 0) □
all free
queen collision True
collision checking [['♕', '□', '□', '□', '□', '□', '□', '□'], ['□', '□', '□', '□', '□', '□', '□', '□'], ['□', '□', '□', '□', '□', '□', '□', '□'], ['□', '□', '□', '□', '□', '□', '□', '□'], ['□', '□', '□', '□', '□', '□', '□', '□'], ['□', '□', '□', '□', '□', '□', '□', '□'], ['□', '□', '□', '□', '□', '□', '□', '□'], ['□', '□', '□', '□', '□', '□', '□', '□']] [0, 0] [1, 0]
(0, 0)
(1, 0) □
all free
♕
checking queen
[0, 0] [1, 0]
collision checking [['♕', '□', '□', '□', '□', '□', '□', '□'], ['♜', '□', '□', '□', '□', '□', '□', '□'], ['□', '□', '□', '□', '□', '□', '□', '□'], ['□', '□', '□', '□', '□', '□', '□', '□'], ['□', '□', '□', '□', '□', '□', '□', '□'], ['□', '□', '□', '□', '□', '□', '□', '□'], ['□', '□', '□', '□', '□', '□', '□', '□'], ['□', '□', '□', '□', '□', '□', '□', '□']] [0, 0] [1, 0]
(0, 0)
(1, 0) ♜
all free
queen collision True
collision checking [['♕', '□', '□', '□', '□', '□', '□', '□'], ['♜', '□', '□', '□', '□', '□', '□', '□'], ['□', '□', '□', '□', '□', '□', '□', '□'], ['□', '□', '□', '□', '□', '□', '□', '□'], ['□', '□', '□', '□', '□', '□', '□', '□'], ['□', '□', '□', '□', '□', '□', '□', '□'], ['□', '□', '□', '□', '□', '□', '□', '□'], ['□', '□', '□', '□', '□', '□', '□', '□']] [0, 0] [1, 0]
(0, 0)
(1, 0) ♜
all free
♕
wrong chosen
♕
wrong victim
♕
checking queen
[0, 0] [0, 1]
collision checking [['♕', '□', '□', '□', '□', '□', '□', '□'], ['□', '□', '□', '□', '□', '□', '□', '□'], ['□', '□', '□', '□', '□', '□', '□', '□'], ['□', '□', '□', '□', '□', '□', '□', '□'], ['□', '□', '□', '□', '□', '□', '□', '□'], ['□', '□', '□', '□', '□', '□', '□', '□'], ['□', '□', '□', '□', '□', '□', '□', '□'], ['□', '□', '□', '□', '□', '□', '□', '□']] [0, 0] [0, 1]
(0, 0)
(0, 1) □
all free
queen collision True
collision checking [['♕', '□', '□', '□', '□', '□', '□', '□'], ['□', '□', '□', '□', '□', '□', '□', '□'], ['□', '□', '□', '□', '□', '□', '□', '□'], ['□', '□', '□', '□', '□', '□', '□', '□'], ['□', '□', '□', '□', '□', '□', '□', '□'], ['□', '□', '□', '□', '□', '□', '□', '□'], ['□', '□', '□', '□', '□', '□', '□', '□'], ['□', '□', '□', '□', '□', '□', '□', '□']] [0, 0] [0, 1]
(0, 0)
(0, 1) □
all free
♕
checking queen
[0, 0] [0, 1]
collision checking [['♕', '♜', '□', '□', '□', '□', '□', '□'], ['□', '□', '□', '□', '□', '□', '□', '□'], ['□', '□', '□', '□', '□', '□', '□', '□'], ['□', '□', '□', '□', '□', '□', '□', '□'], ['□', '□', '□', '□', '□', '□', '□', '□'], ['□', '□', '□', '□', '□', '□', '□', '□'], ['□', '□', '□', '□', '□', '□', '□', '□'], ['□', '□', '□', '□', '□', '□', '□', '□']] [0, 0] [0, 1]
(0, 0)
(0, 1) ♜
all free
queen collision True
collision checking [['♕', '♜', '□', '□', '□', '□', '□', '□'], ['□', '□', '□', '□', '□', '□', '□', '□'], ['□', '□', '□', '□', '□', '□', '□', '□'], ['□', '□', '□', '□', '□', '□', '□', '□'], ['□', '□', '□', '□', '□', '□', '□', '□'], ['□', '□', '□', '□', '□', '□', '□', '□'], ['□', '□', '□', '□', '□', '□', '□', '□'], ['□', '□', '□', '□', '□', '□', '□', '□']] [0, 0] [0, 1]
(0, 0)
(0, 1) ♜
all free
♕
wrong chosen
♕
wrong victim
♕
checking queen
[0, 0] [2, 0]
collision checking [['♕', '□', '□', '□', '□', '□', '□', '□'], ['□', '□', '□', '□', '□', '□', '□', '□'], ['□', '□', '□', '□', '□', '□', '□', '□'], ['□', '□', '□', '□', '□', '□', '□', '□'], ['□', '□', '□', '□', '□', '□', '□', '□'], ['□', '□', '□', '□', '□', '□', '□', '□'], ['□', '□', '□', '□', '□', '□', '□', '□'], ['□', '□', '□', '□', '□', '□', '□', '□']] [0, 0] [2, 0]
(0, 0)
(1, 0) □
(2, 0) □
all free
queen collision True
collision checking [['♕', '□', '□', '□', '□', '□', '□', '□'], ['□', '□', '□', '□', '□', '□', '□', '□'], ['□', '□', '□', '□', '□', '□', '□', '□'], ['□', '□', '□', '□', '□', '□', '□', '□'], ['□', '□', '□', '□', '□', '□', '□', '□'], ['□', '□', '□', '□', '□', '□', '□', '□'], ['□', '□', '□', '□', '□', '□', '□', '□'], ['□', '□', '□', '□', '□', '□', '□', '□']] [0, 0] [2, 0]
(0, 0)
(1, 0) □
(2, 0) □
all free
♕
checking queen
[0, 0] [2, 0]
collision checking [['♕', '□', '□', '□', '□', '□', '□', '□'], ['□', '□', '□', '□', '□', '□', '□', '□'], ['♜', '□', '□', '□', '□', '□', '□', '□'], ['□', '□', '□', '□', '□', '□', '□', '□'], ['□', '□', '□', '□', '□', '□', '□', '□'], ['□', '□', '□', '□', '□', '□', '□', '□'], ['□', '□', '□', '□', '□', '□', '□', '□'], ['□', '□', '□', '□', '□', '□', '□', '□']] [0, 0] [2, 0]
(0, 0)
(1, 0) □
(2, 0) ♜
all free
queen collision True
collision checking [['♕', '□', '□', '□', '□', '□', '□', '□'], ['□', '□', '□', '□', '□', '□', '□', '□'], ['♜', '□', '□', '□', '□', '□', '□', '□'], ['□', '□', '□', '□', '□', '□', '□', '□'], ['□', '□', '□', '□', '□', '□', '□', '□'], ['□', '□', '□', '□', '□', '□', '□', '□'], ['□', '□', '□', '□', '□', '□', '□', '□'], ['□', '□', '□', '□', '□', '□', '□', '□']] [0, 0] [2, 0]
(0, 0)
(1, 0) □
(2, 0) ♜
all free
♕
wrong chosen
♕
checking queen
[0, 0] [2, 0]
collision checking [['♕', '□', '□', '□', '□', '□', '□', '□'], ['♕', '□', '□', '□', '□', '□', '□', '□'], ['□', '□', '□', '□', '□', '□', '□', '□'], ['□', '□', '□', '□', '□', '□', '□', '□'], ['□', '□', '□', '□', '□', '□', '□', '□'], ['□', '□', '□', '□', '□', '□', '□', '□'], ['□', '□', '□', '□', '□', '□', '□', '□'], ['□', '□', '□', '□', '□', '□', '□', '□']] [0, 0] [2, 0]
(0, 0)
(1, 0) ♕
queen collision False
collision checking [['♕', '□', '□', '□', '□', '□', '□', '□'], ['♕', '□', '□', '□', '□', '□', '□', '□'], ['□', '□', '□', '□', '□', '□', '□', '□'], ['□', '□', '□', '□', '□', '□', '□', '□'], ['□', '□', '□', '□', '□', '□', '□', '□'], ['□', '□', '□', '□', '□', '□', '□', '□'], ['□', '□', '□', '□', '□', '□', '□', '□'], ['□', '□', '□', '□', '□', '□', '□', '□']] [0, 0] [2, 0]
(0, 0)
(1, 0) ♕
♕
checking queen
[0, 0] [0, 2]
collision checking [['♕', '□', '□', '□', '□', '□', '□', '□'], ['□', '□', '□', '□', '□', '□', '□', '□'], ['□', '□', '□', '□', '□', '□', '□', '□'], ['□', '□', '□', '□', '□', '□', '□', '□'], ['□', '□', '□', '□', '□', '□', '□', '□'], ['□', '□', '□', '□', '□', '□', '□', '□'], ['□', '□', '□', '□', '□', '□', '□', '□'], ['□', '□', '□', '□', '□', '□', '□', '□']] [0, 0] [0, 2]
(0, 0)
(0, 1) □
(0, 2) □
all free
queen collision True
collision checking [['♕', '□', '□', '□', '□', '□', '□', '□'], ['□', '□', '□', '□', '□', '□', '□', '□'], ['□', '□', '□', '□', '□', '□', '□', '□'], ['□', '□', '□', '□', '□', '□', '□', '□'], ['□', '□', '□', '□', '□', '□', '□', '□'], ['□', '□', '□', '□', '□', '□', '□', '□'], ['□', '□', '□', '□', '□', '□', '□', '□'], ['□', '□', '□', '□', '□', '□', '□', '□']] [0, 0] [0, 2]
(0, 0)
(0, 1) □
(0, 2) □
all free
♕
checking queen
[0, 0] [0, 2]
collision checking [['♕', '□', '♜', '□', '□', '□', '□', '□'], ['□', '□', '□', '□', '□', '□', '□', '□'], ['□', '□', '□', '□', '□', '□', '□', '□'], ['□', '□', '□', '□', '□', '□', '□', '□'], ['□', '□', '□', '□', '□', '□', '□', '□'], ['□', '□', '□', '□', '□', '□', '□', '□'], ['□', '□', '□', '□', '□', '□', '□', '□'], ['□', '□', '□', '□', '□', '□', '□', '□']] [0, 0] [0, 2]
(0, 0)
(0, 1) □
(0, 2) ♜
all free
queen collision True
collision checking [['♕', '□', '♜', '□', '□', '□', '□', '□'], ['□', '□', '□', '□', '□', '□', '□', '□'], ['□', '□', '□', '□', '□', '□', '□', '□'], ['□', '□', '□', '□', '□', '□', '□', '□'], ['□', '□', '□', '□', '□', '□', '□', '□'], ['□', '□', '□', '□', '□', '□', '□', '□'], ['□', '□', '□', '□', '□', '□', '□', '□'], ['□', '□', '□', '□', '□', '□', '□', '□']] [0, 0] [0, 2]
(0, 0)
(0, 1) □
(0, 2) ♜
all free
♕
wrong chosen
♕
checking queen
[0, 0] [0, 2]
collision checking [['♕', '♕', '□', '□', '□', '□', '□', '□'], ['□', '□', '□', '□', '□', '□', '□', '□'], ['□', '□', '□', '□', '□', '□', '□', '□'], ['□', '□', '□', '□', '□', '□', '□', '□'], ['□', '□', '□', '□', '□', '□', '□', '□'], ['□', '□', '□', '□', '□', '□', '□', '□'], ['□', '□', '□', '□', '□', '□', '□', '□'], ['□', '□', '□', '□', '□', '□', '□', '□']] [0, 0] [0, 2]
(0, 0)
(0, 1) ♕
queen collision False
collision checking [['♕', '♕', '□', '□', '□', '□', '□', '□'], ['□', '□', '□', '□', '□', '□', '□', '□'], ['□', '□', '□', '□', '□', '□', '□', '□'], ['□', '□', '□', '□', '□', '□', '□', '□'], ['□', '□', '□', '□', '□', '□', '□', '□'], ['□', '□', '□', '□', '□', '□', '□', '□'], ['□', '□', '□', '□', '□', '□', '□', '□'], ['□', '□', '□', '□', '□', '□', '□', '□']] [0, 0] [0, 2]
(0, 0)
(0, 1) ♕
♕
checking queen
[0, 0] [3, 0]
collision checking [['♕', '□', '□', '□', '□', '□', '□', '□'], ['□', '□', '□', '□', '□', '□', '□', '□'], ['□', '□', '□', '□', '□', '□', '□', '□'], ['□', '□', '□', '□', '□', '□', '□', '□'], ['□', '□', '□', '□', '□', '□', '□', '□'], ['□', '□', '□', '□', '□', '□', '□', '□'], ['□', '□', '□', '□', '□', '□', '□', '□'], ['□', '□', '□', '□', '□', '□', '□', '□']] [0, 0] [3, 0]
(0, 0)
(1, 0) □
(2, 0) □
(3, 0) □
all free
queen collision True
collision checking [['♕', '□', '□', '□', '□', '□', '□', '□'], ['□', '□', '□', '□', '□', '□', '□', '□'], ['□', '□', '□', '□', '□', '□', '□', '□'], ['□', '□', '□', '□', '□', '□', '□', '□'], ['□', '□', '□', '□', '□', '□', '□', '□'], ['□', '□', '□', '□', '□', '□', '□', '□'], ['□', '□', '□', '□', '□', '□', '□', '□'], ['□', '□', '□', '□', '□', '□', '□', '□']] [0, 0] [3, 0]
(0, 0)
(1, 0) □
(2, 0) □
(3, 0) □
all free
♕
checking queen
[0, 0] [3, 0]
collision checking [['♕', '□', '□', '□', '□', '□', '□', '□'], ['□', '□', '□', '□', '□', '□', '□', '□'], ['□', '□', '□', '□', '□', '□', '□', '□'], ['♜', '□', '□', '□', '□', '□', '□', '□'], ['□', '□', '□', '□', '□', '□', '□', '□'], ['□', '□', '□', '□', '□', '□', '□', '□'], ['□', '□', '□', '□', '□', '□', '□', '□'], ['□', '□', '□', '□', '□', '□', '□', '□']] [0, 0] [3, 0]
(0, 0)
(1, 0) □
(2, 0) □
(3, 0) ♜
all free
queen collision True
collision checking [['♕', '□', '□', '□', '□', '□', '□', '□'], ['□', '□', '□', '□', '□', '□', '□', '□'], ['□', '□', '□', '□', '□', '□', '□', '□'], ['♜', '□', '□', '□', '□', '□', '□', '□'], ['□', '□', '□', '□', '□', '□', '□', '□'], ['□', '□', '□', '□', '□', '□', '□', '□'], ['□', '□', '□', '□', '□', '□', '□', '□'], ['□', '□', '□', '□', '□', '□', '□', '□']] [0, 0] [3, 0]
(0, 0)
(1, 0) □
(2, 0) □
(3, 0) ♜
all free
♕
wrong chosen
♕
checking queen
[0, 0] [3, 0]
collision checking [['♕', '□', '□', '□', '□', '□', '□', '□'], ['♕', '□', '□', '□', '□', '□', '□', '□'], ['♕', '□', '□', '□', '□', '□', '□', '□'], ['□', '□', '□', '□', '□', '□', '□', '□'], ['□', '□', '□', '□', '□', '□', '□', '□'], ['□', '□', '□', '□', '□', '□', '□', '□'], ['□', '□', '□', '□', '□', '□', '□', '□'], ['□', '□', '□', '□', '□', '□', '□', '□']] [0, 0] [3, 0]
(0, 0)
(1, 0) ♕
queen collision False
collision checking [['♕', '□', '□', '□', '□', '□', '□', '□'], ['♕', '□', '□', '□', '□', '□', '□', '□'], ['♕', '□', '□', '□', '□', '□', '□', '□'], ['□', '□', '□', '□', '□', '□', '□', '□'], ['□', '□', '□', '□', '□', '□', '□', '□'], ['□', '□', '□', '□', '□', '□', '□', '□'], ['□', '□', '□', '□', '□', '□', '□', '□'], ['□', '□', '□', '□', '□', '□', '□', '□']] [0, 0] [3, 0]
(0, 0)
(1, 0) ♕
♕
checking queen
[0, 0] [0, 3]
collision checking [['♕', '□', '□', '□', '□', '□', '□', '□'], ['□', '□', '□', '□', '□', '□', '□', '□'], ['□', '□', '□', '□', '□', '□', '□', '□'], ['□', '□', '□', '□', '□', '□', '□', '□'], ['□', '□', '□', '□', '□', '□', '□', '□'], ['□', '□', '□', '□', '□', '□', '□', '□'], ['□', '□', '□', '□', '□', '□', '□', '□'], ['□', '□', '□', '□', '□', '□', '□', '□']] [0, 0] [0, 3]
(0, 0)
(0, 1) □
(0, 2) □
(0, 3) □
all free
queen collision True
collision checking [['♕', '□', '□', '□', '□', '□', '□', '□'], ['□', '□', '□', '□', '□', '□', '□', '□'], ['□', '□', '□', '□', '□', '□', '□', '□'], ['□', '□', '□', '□', '□', '□', '□', '□'], ['□', '□', '□', '□', '□', '□', '□', '□'], ['□', '□', '□', '□', '□', '□', '□', '□'], ['□', '□', '□', '□', '□', '□', '□', '□'], ['□', '□', '□', '□', '□', '□', '□', '□']] [0, 0] [0, 3]
(0, 0)
(0, 1) □
(0, 2) □
(0, 3) □
all free
♕
checking queen
[0, 0] [0, 3]
collision checking [['♕', '□', '□', '♜', '□', '□', '□', '□'], ['□', '□', '□', '□', '□', '□', '□', '□'], ['□', '□', '□', '□', '□', '□', '□', '□'], ['□', '□', '□', '□', '□', '□', '□', '□'], ['□', '□', '□', '□', '□', '□', '□', '□'], ['□', '□', '□', '□', '□', '□', '□', '□'], ['□', '□', '□', '□', '□', '□', '□', '□'], ['□', '□', '□', '□', '□', '□', '□', '□']] [0, 0] [0, 3]
(0, 0)
(0, 1) □
(0, 2) □
(0, 3) ♜
all free
queen collision True
collision checking [['♕', '□', '□', '♜', '□', '□', '□', '□'], ['□', '□', '□', '□', '□', '□', '□', '□'], ['□', '□', '□', '□', '□', '□', '□', '□'], ['□', '□', '□', '□', '□', '□', '□', '□'], ['□', '□', '□', '□', '□', '□', '□', '□'], ['□', '□', '□', '□', '□', '□', '□', '□'], ['□', '□', '□', '□', '□', '□', '□', '□'], ['□', '□', '□', '□', '□', '□', '□', '□']] [0, 0] [0, 3]
(0, 0)
(0, 1) □
(0, 2) □
(0, 3) ♜
all free
♕
wrong chosen
♕
checking queen
[0, 0] [0, 3]
collision checking [['♕', '♕', '♕', '□', '□', '□', '□', '□'], ['□', '□', '□', '□', '□', '□', '□', '□'], ['□', '□', '□', '□', '□', '□', '□', '□'], ['□', '□', '□', '□', '□', '□', '□', '□'], ['□', '□', '□', '□', '□', '□', '□', '□'], ['□', '□', '□', '□', '□', '□', '□', '□'], ['□', '□', '□', '□', '□', '□', '□', '□'], ['□', '□', '□', '□', '□', '□', '□', '□']] [0, 0] [0, 3]
(0, 0)
(0, 1) ♕
queen collision False
collision checking [['♕', '♕', '♕', '□', '□', '□', '□', '□'], ['□', '□', '□', '□', '□', '□', '□', '□'], ['□', '□', '□', '□', '□', '□', '□', '□'], ['□', '□', '□', '□', '□', '□', '□', '□'], ['□', '□', '□', '□', '□', '□', '□', '□'], ['□', '□', '□', '□', '□', '□', '□', '□'], ['□', '□', '□', '□', '□', '□', '□', '□'], ['□', '□', '□', '□', '□', '□', '□', '□']] [0, 0] [0, 3]
(0, 0)
(0, 1) ♕
♕
checking queen
[0, 0] [4, 0]
collision checking [['♕', '□', '□', '□', '□', '□', '□', '□'], ['□', '□', '□', '□', '□', '□', '□', '□'], ['□', '□', '□', '□', '□', '□', '□', '□'], ['□', '□', '□', '□', '□', '□', '□', '□'], ['□', '□', '□', '□', '□', '□', '□', '□'], ['□', '□', '□', '□', '□', '□', '□', '□'], ['□', '□', '□', '□', '□', '□', '□', '□'], ['□', '□', '□', '□', '□', '□', '□', '□']] [0, 0] [4, 0]
(0, 0)
(1, 0) □
(2, 0) □
(3, 0) □
(4, 0) □
all free
queen collision True
collision checking [['♕', '□', '□', '□', '□', '□', '□', '□'], ['□', '□', '□', '□', '□', '□', '□', '□'], ['□', '□', '□', '□', '□', '□', '□', '□'], ['□', '□', '□', '□', '□', '□', '□', '□'], ['□', '□', '□', '□', '□', '□', '□', '□'], ['□', '□', '□', '□', '□', '□', '□', '□'], ['□', '□', '□', '□', '□', '□', '□', '□'], ['□', '□', '□', '□', '□', '□', '□', '□']] [0, 0] [4, 0]
(0, 0)
(1, 0) □
(2, 0) □
(3, 0) □
(4, 0) □
all free
♕
checking queen
[0, 0] [4, 0]
collision checking [['♕', '□', '□', '□', '□', '□', '□', '□'], ['□', '□', '□', '□', '□', '□', '□', '□'], ['□', '□', '□', '□', '□', '□', '□', '□'], ['□', '□', '□', '□', '□', '□', '□', '□'], ['♜', '□', '□', '□', '□', '□', '□', '□'], ['□', '□', '□', '□', '□', '□', '□', '□'], ['□', '□', '□', '□', '□', '□', '□', '□'], ['□', '□', '□', '□', '□', '□', '□', '□']] [0, 0] [4, 0]
(0, 0)
(1, 0) □
(2, 0) □
(3, 0) □
(4, 0) ♜
all free
queen collision True
collision checking [['♕', '□', '□', '□', '□', '□', '□', '□'], ['□', '□', '□', '□', '□', '□', '□', '□'], ['□', '□', '□', '□', '□', '□', '□', '□'], ['□', '□', '□', '□', '□', '□', '□', '□'], ['♜', '□', '□', '□', '□', '□', '□', '□'], ['□', '□', '□', '□', '□', '□', '□', '□'], ['□', '□', '□', '□', '□', '□', '□', '□'], ['□', '□', '□', '□', '□', '□', '□', '□']] [0, 0] [4, 0]
(0, 0)
(1, 0) □
(2, 0) □
(3, 0) □
(4, 0) ♜
all free
♕
wrong chosen
♕
checking queen
[0, 0] [4, 0]
collision checking [['♕', '□', '□', '□', '□', '□', '□', '□'], ['□', '□', '□', '□', '□', '□', '□', '□'], ['♕', '□', '□', '□', '□', '□', '□', '□'], ['□', '□', '□', '□', '□', '□', '□', '□'], ['□', '□', '□', '□', '□', '□', '□', '□'], ['□', '□', '□', '□', '□', '□', '□', '□'], ['□', '□', '□', '□', '□', '□', '□', '□'], ['□', '□', '□', '□', '□', '□', '□', '□']] [0, 0] [4, 0]
(0, 0)
(1, 0) □
(2, 0) ♕
queen collision False
collision checking [['♕', '□', '□', '□', '□', '□', '□', '□'], ['□', '□', '□', '□', '□', '□', '□', '□'], ['♕', '□', '□', '□', '□', '□', '□', '□'], ['□', '□', '□', '□', '□', '□', '□', '□'], ['□', '□', '□', '□', '□', '□', '□', '□'], ['□', '□', '□', '□', '□', '□', '□', '□'], ['□', '□', '□', '□', '□', '□', '□', '□'], ['□', '□', '□', '□', '□', '□', '□', '□']] [0, 0] [4, 0]
(0, 0)
(1, 0) □
(2, 0) ♕
♕
checking queen
[0, 0] [0, 4]
collision checking [['♕', '□', '□', '□', '□', '□', '□', '□'], ['□', '□', '□', '□', '□', '□', '□', '□'], ['□', '□', '□', '□', '□', '□', '□', '□'], ['□', '□', '□', '□', '□', '□', '□', '□'], ['□', '□', '□', '□', '□', '□', '□', '□'], ['□', '□', '□', '□', '□', '□', '□', '□'], ['□', '□', '□', '□', '□', '□', '□', '□'], ['□', '□', '□', '□', '□', '□', '□', '□']] [0, 0] [0, 4]
(0, 0)
(0, 1) □
(0, 2) □
(0, 3) □
(0, 4) □
all free
queen collision True
collision checking [['♕', '□', '□', '□', '□', '□', '□', '□'], ['□', '□', '□', '□', '□', '□', '□', '□'], ['□', '□', '□', '□', '□', '□', '□', '□'], ['□', '□', '□', '□', '□', '□', '□', '□'], ['□', '□', '□', '□', '□', '□', '□', '□'], ['□', '□', '□', '□', '□', '□', '□', '□'], ['□', '□', '□', '□', '□', '□', '□', '□'], ['□', '□', '□', '□', '□', '□', '□', '□']] [0, 0] [0, 4]
(0, 0)
(0, 1) □
(0, 2) □
(0, 3) □
(0, 4) □
all free
♕
checking queen
[0, 0] [0, 4]
collision checking [['♕', '□', '□', '□', '♜', '□', '□', '□'], ['□', '□', '□', '□', '□', '□', '□', '□'], ['□', '□', '□', '□', '□', '□', '□', '□'], ['□', '□', '□', '□', '□', '□', '□', '□'], ['□', '□', '□', '□', '□', '□', '□', '□'], ['□', '□', '□', '□', '□', '□', '□', '□'], ['□', '□', '□', '□', '□', '□', '□', '□'], ['□', '□', '□', '□', '□', '□', '□', '□']] [0, 0] [0, 4]
(0, 0)
(0, 1) □
(0, 2) □
(0, 3) □
(0, 4) ♜
all free
queen collision True
collision checking [['♕', '□', '□', '□', '♜', '□', '□', '□'], ['□', '□', '□', '□', '□', '□', '□', '□'], ['□', '□', '□', '□', '□', '□', '□', '□'], ['□', '□', '□', '□', '□', '□', '□', '□'], ['□', '□', '□', '□', '□', '□', '□', '□'], ['□', '□', '□', '□', '□', '□', '□', '□'], ['□', '□', '□', '□', '□', '□', '□', '□'], ['□', '□', '□', '□', '□', '□', '□', '□']] [0, 0] [0, 4]
(0, 0)
(0, 1) □
(0, 2) □
(0, 3) □
(0, 4) ♜
all free
♕
wrong chosen
♕
checking queen
[0, 0] [0, 4]
collision checking [['♕', '□', '♕', '□', '□', '□', '□', '□'], ['□', '□', '□', '□', '□', '□', '□', '□'], ['□', '□', '□', '□', '□', '□', '□', '□'], ['□', '□', '□', '□', '□', '□', '□', '□'], ['□', '□', '□', '□', '□', '□', '□', '□'], ['□', '□', '□', '□', '□', '□', '□', '□'], ['□', '□', '□', '□', '□', '□', '□', '□'], ['□', '□', '□', '□', '□', '□', '□', '□']] [0, 0] [0, 4]
(0, 0)
(0, 1) □
(0, 2) ♕
queen collision False
collision checking [['♕', '□', '♕', '□', '□', '□', '□', '□'], ['□', '□', '□', '□', '□', '□', '□', '□'], ['□', '□', '□', '□', '□', '□', '□', '□'], ['□', '□', '□', '□', '□', '□', '□', '□'], ['□', '□', '□', '□', '□', '□', '□', '□'], ['□', '□', '□', '□', '□', '□', '□', '□'], ['□', '□', '□', '□', '□', '□', '□', '□'], ['□', '□', '□', '□', '□', '□', '□', '□']] [0, 0] [0, 4]
(0, 0)
(0, 1) □
(0, 2) ♕
♕
checking queen
[0, 0] [5, 0]
collision checking [['♕', '□', '□', '□', '□', '□', '□', '□'], ['□', '□', '□', '□', '□', '□', '□', '□'], ['□', '□', '□', '□', '□', '□', '□', '□'], ['□', '□', '□', '□', '□', '□', '□', '□'], ['□', '□', '□', '□', '□', '□', '□', '□'], ['□', '□', '□', '□', '□', '□', '□', '□'], ['□', '□', '□', '□', '□', '□', '□', '□'], ['□', '□', '□', '□', '□', '□', '□', '□']] [0, 0] [5, 0]
(0, 0)
(1, 0) □
(2, 0) □
(3, 0) □
(4, 0) □
(5, 0) □
all free
queen collision True
collision checking [['♕', '□', '□', '□', '□', '□', '□', '□'], ['□', '□', '□', '□', '□', '□', '□', '□'], ['□', '□', '□', '□', '□', '□', '□', '□'], ['□', '□', '□', '□', '□', '□', '□', '□'], ['□', '□', '□', '□', '□', '□', '□', '□'], ['□', '□', '□', '□', '□', '□', '□', '□'], ['□', '□', '□', '□', '□', '□', '□', '□'], ['□', '□', '□', '□', '□', '□', '□', '□']] [0, 0] [5, 0]
(0, 0)
(1, 0) □
(2, 0) □
(3, 0) □
(4, 0) □
(5, 0) □
all free
♕
checking queen
[0, 0] [5, 0]
collision checking [['♕', '□', '□', '□', '□', '□', '□', '□'], ['□', '□', '□', '□', '□', '□', '□', '□'], ['□', '□', '□', '□', '□', '□', '□', '□'], ['□', '□', '□', '□', '□', '□', '□', '□'], ['□', '□', '□', '□', '□', '□', '□', '□'], ['♜', '□', '□', '□', '□', '□', '□', '□'], ['□', '□', '□', '□', '□', '□', '□', '□'], ['□', '□', '□', '□', '□', '□', '□', '□']] [0, 0] [5, 0]
(0, 0)
(1, 0) □
(2, 0) □
(3, 0) □
(4, 0) □
(5, 0) ♜
all free
queen collision True
collision checking [['♕', '□', '□', '□', '□', '□', '□', '□'], ['□', '□', '□', '□', '□', '□', '□', '□'], ['□', '□', '□', '□', '□', '□', '□', '□'], ['□', '□', '□', '□', '□', '□', '□', '□'], ['□', '□', '□', '□', '□', '□', '□', '□'], ['♜', '□', '□', '□', '□', '□', '□', '□'], ['□', '□', '□', '□', '□', '□', '□', '□'], ['□', '□', '□', '□', '□', '□', '□', '□']] [0, 0] [5, 0]
(0, 0)
(1, 0) □
(2, 0) □
(3, 0) □
(4, 0) □
(5, 0) ♜
all free
♕
wrong chosen
♕
checking queen
[0, 0] [5, 0]
collision checking [['♕', '□', '□', '□', '□', '□', '□', '□'], ['□', '□', '□', '□', '□', '□', '□', '□'], ['♕', '□', '□', '□', '□', '□', '□', '□'], ['♕', '□', '□', '□', '□', '□', '□', '□'], ['□', '□', '□', '□', '□', '□', '□', '□'], ['□', '□', '□', '□', '□', '□', '□', '□'], ['□', '□', '□', '□', '□', '□', '□', '□'], ['□', '□', '□', '□', '□', '□', '□', '□']] [0, 0] [5, 0]
(0, 0)
(1, 0) □
(2, 0) ♕
queen collision False
collision checking [['♕', '□', '□', '□', '□', '□', '□', '□'], ['□', '□', '□', '□', '□', '□', '□', '□'], ['♕', '□', '□', '□', '□', '□', '□', '□'], ['♕', '□', '□', '□', '□', '□', '□', '□'], ['□', '□', '□', '□', '□', '□', '□', '□'], ['□', '□', '□', '□', '□', '□', '□', '□'], ['□', '□', '□', '□', '□', '□', '□', '□'], ['□', '□', '□', '□', '□', '□', '□', '□']] [0, 0] [5, 0]
(0, 0)
(1, 0) □
(2, 0) ♕
♕
checking queen
[0, 0] [0, 5]
collision checking [['♕', '□', '□', '□', '□', '□', '□', '□'], ['□', '□', '□', '□', '□', '□', '□', '□'], ['□', '□', '□', '□', '□', '□', '□', '□'], ['□', '□', '□', '□', '□', '□', '□', '□'], ['□', '□', '□', '□', '□', '□', '□', '□'], ['□', '□', '□', '□', '□', '□', '□', '□'], ['□', '□', '□', '□', '□', '□', '□', '□'], ['□', '□', '□', '□', '□', '□', '□', '□']] [0, 0] [0, 5]
(0, 0)
(0, 1) □
(0, 2) □
(0, 3) □
(0, 4) □
(0, 5) □
all free
queen collision True
collision checking [['♕', '□', '□', '□', '□', '□', '□', '□'], ['□', '□', '□', '□', '□', '□', '□', '□'], ['□', '□', '□', '□', '□', '□', '□', '□'], ['□', '□', '□', '□', '□', '□', '□', '□'], ['□', '□', '□', '□', '□', '□', '□', '□'], ['□', '□', '□', '□', '□', '□', '□', '□'], ['□', '□', '□', '□', '□', '□', '□', '□'], ['□', '□', '□', '□', '□', '□', '□', '□']] [0, 0] [0, 5]
(0, 0)
(0, 1) □
(0, 2) □
(0, 3) □
(0, 4) □
(0, 5) □
all free
♕
checking queen
[0, 0] [0, 5]
collision checking [['♕', '□', '□', '□', '□', '♜', '□', '□'], ['□', '□', '□', '□', '□', '□', '□', '□'], ['□', '□', '□', '□', '□', '□', '□', '□'], ['□', '□', '□', '□', '□', '□', '□', '□'], ['□', '□', '□', '□', '□', '□', '□', '□'], ['□', '□', '□', '□', '□', '□', '□', '□'], ['□', '□', '□', '□', '□', '□', '□', '□'], ['□', '□', '□', '□', '□', '□', '□', '□']] [0, 0] [0, 5]
(0, 0)
(0, 1) □
(0, 2) □
(0, 3) □
(0, 4) □
(0, 5) ♜
all free
queen collision True
collision checking [['♕', '□', '□', '□', '□', '♜', '□', '□'], ['□', '□', '□', '□', '□', '□', '□', '□'], ['□', '□', '□', '□', '□', '□', '□', '□'], ['□', '□', '□', '□', '□', '□', '□', '□'], ['□', '□', '□', '□', '□', '□', '□', '□'], ['□', '□', '□', '□', '□', '□', '□', '□'], ['□', '□', '□', '□', '□', '□', '□', '□'], ['□', '□', '□', '□', '□', '□', '□', '□']] [0, 0] [0, 5]
(0, 0)
(0, 1) □
(0, 2) □
(0, 3) □
(0, 4) □
(0, 5) ♜
all free
♕
wrong chosen
♕
checking queen
[0, 0] [0, 5]
collision checking [['♕', '□', '♕', '♕', '□', '□', '□', '□'], ['□', '□', '□', '□', '□', '□', '□', '□'], ['□', '□', '□', '□', '□', '□', '□', '□'], ['□', '□', '□', '□', '□', '□', '□', '□'], ['□', '□', '□', '□', '□', '□', '□', '□'], ['□', '□', '□', '□', '□', '□', '□', '□'], ['□', '□', '□', '□', '□', '□', '□', '□'], ['□', '□', '□', '□', '□', '□', '□', '□']] [0, 0] [0, 5]
(0, 0)
(0, 1) □
(0, 2) ♕
queen collision False
collision checking [['♕', '□', '♕', '♕', '□', '□', '□', '□'], ['□', '□', '□', '□', '□', '□', '□', '□'], ['□', '□', '□', '□', '□', '□', '□', '□'], ['□', '□', '□', '□', '□', '□', '□', '□'], ['□', '□', '□', '□', '□', '□', '□', '□'], ['□', '□', '□', '□', '□', '□', '□', '□'], ['□', '□', '□', '□', '□', '□', '□', '□'], ['□', '□', '□', '□', '□', '□', '□', '□']] [0, 0] [0, 5]
(0, 0)
(0, 1) □
(0, 2) ♕
♕
checking queen
[0, 0] [6, 0]
collision checking [['♕', '□', '□', '□', '□', '□', '□', '□'], ['□', '□', '□', '□', '□', '□', '□', '□'], ['□', '□', '□', '□', '□', '□', '□', '□'], ['□', '□', '□', '□', '□', '□', '□', '□'], ['□', '□', '□', '□', '□', '□', '□', '□'], ['□', '□', '□', '□', '□', '□', '□', '□'], ['□', '□', '□', '□', '□', '□', '□', '□'], ['□', '□', '□', '□', '□', '□', '□', '□']] [0, 0] [6, 0]
(0, 0)
(1, 0) □
(2, 0) □
(3, 0) □
(4, 0) □
(5, 0) □
(6, 0) □
all free
queen collision True
collision checking [['♕', '□', '□', '□', '□', '□', '□', '□'], ['□', '□', '□', '□', '□', '□', '□', '□'], ['□', '□', '□', '□', '□', '□', '□', '□'], ['□', '□', '□', '□', '□', '□', '□', '□'], ['□', '□', '□', '□', '□', '□', '□', '□'], ['□', '□', '□', '□', '□', '□', '□', '□'], ['□', '□', '□', '□', '□', '□', '□', '□'], ['□', '□', '□', '□', '□', '□', '□', '□']] [0, 0] [6, 0]
(0, 0)
(1, 0) □
(2, 0) □
(3, 0) □
(4, 0) □
(5, 0) □
(6, 0) □
all free
♕
checking queen
[0, 0] [6, 0]
collision checking [['♕', '□', '□', '□', '□', '□', '□', '□'], ['□', '□', '□', '□', '□', '□', '□', '□'], ['□', '□', '□', '□', '□', '□', '□', '□'], ['□', '□', '□', '□', '□', '□', '□', '□'], ['□', '□', '□', '□', '□', '□', '□', '□'], ['□', '□', '□', '□', '□', '□', '□', '□'], ['♜', '□', '□', '□', '□', '□', '□', '□'], ['□', '□', '□', '□', '□', '□', '□', '□']] [0, 0] [6, 0]
(0, 0)
(1, 0) □
(2, 0) □
(3, 0) □
(4, 0) □
(5, 0) □
(6, 0) ♜
all free
queen collision True
collision checking [['♕', '□', '□', '□', '□', '□', '□', '□'], ['□', '□', '□', '□', '□', '□', '□', '□'], ['□', '□', '□', '□', '□', '□', '□', '□'], ['□', '□', '□', '□', '□', '□', '□', '□'], ['□', '□', '□', '□', '□', '□', '□', '□'], ['□', '□', '□', '□', '□', '□', '□', '□'], ['♜', '□', '□', '□', '□', '□', '□', '□'], ['□', '□', '□', '□', '□', '□', '□', '□']] [0, 0] [6, 0]
(0, 0)
(1, 0) □
(2, 0) □
(3, 0) □
(4, 0) □
(5, 0) □
(6, 0) ♜
all free
♕
wrong chosen
♕
checking queen
[0, 0] [6, 0]
collision checking [['♕', '□', '□', '□', '□', '□', '□', '□'], ['□', '□', '□', '□', '□', '□', '□', '□'], ['□', '□', '□', '□', '□', '□', '□', '□'], ['♕', '□', '□', '□', '□', '□', '□', '□'], ['□', '□', '□', '□', '□', '□', '□', '□'], ['□', '□', '□', '□', '□', '□', '□', '□'], ['□', '□', '□', '□', '□', '□', '□', '□'], ['□', '□', '□', '□', '□', '□', '□', '□']] [0, 0] [6, 0]
(0, 0)
(1, 0) □
(2, 0) □
(3, 0) ♕
queen collision False
collision checking [['♕', '□', '□', '□', '□', '□', '□', '□'], ['□', '□', '□', '□', '□', '□', '□', '□'], ['□', '□', '□', '□', '□', '□', '□', '□'], ['♕', '□', '□', '□', '□', '□', '□', '□'], ['□', '□', '□', '□', '□', '□', '□', '□'], ['□', '□', '□', '□', '□', '□', '□', '□'], ['□', '□', '□', '□', '□', '□', '□', '□'], ['□', '□', '□', '□', '□', '□', '□', '□']] [0, 0] [6, 0]
(0, 0)
(1, 0) □
(2, 0) □
(3, 0) ♕
♕
checking queen
[0, 0] [0, 6]
collision checking [['♕', '□', '□', '□', '□', '□', '□', '□'], ['□', '□', '□', '□', '□', '□', '□', '□'], ['□', '□', '□', '□', '□', '□', '□', '□'], ['□', '□', '□', '□', '□', '□', '□', '□'], ['□', '□', '□', '□', '□', '□', '□', '□'], ['□', '□', '□', '□', '□', '□', '□', '□'], ['□', '□', '□', '□', '□', '□', '□', '□'], ['□', '□', '□', '□', '□', '□', '□', '□']] [0, 0] [0, 6]
(0, 0)
(0, 1) □
(0, 2) □
(0, 3) □
(0, 4) □
(0, 5) □
(0, 6) □
all free
queen collision True
collision checking [['♕', '□', '□', '□', '□', '□', '□', '□'], ['□', '□', '□', '□', '□', '□', '□', '□'], ['□', '□', '□', '□', '□', '□', '□', '□'], ['□', '□', '□', '□', '□', '□', '□', '□'], ['□', '□', '□', '□', '□', '□', '□', '□'], ['□', '□', '□', '□', '□', '□', '□', '□'], ['□', '□', '□', '□', '□', '□', '□', '□'], ['□', '□', '□', '□', '□', '□', '□', '□']] [0, 0] [0, 6]
(0, 0)
(0, 1) □
(0, 2) □
(0, 3) □
(0, 4) □
(0, 5) □
(0, 6) □
all free
♕
checking queen
[0, 0] [0, 6]
collision checking [['♕', '□', '□', '□', '□', '□', '♜', '□'], ['□', '□', '□', '□', '□', '□', '□', '□'], ['□', '□', '□', '□', '□', '□', '□', '□'], ['□', '□', '□', '□', '□', '□', '□', '□'], ['□', '□', '□', '□', '□', '□', '□', '□'], ['□', '□', '□', '□', '□', '□', '□', '□'], ['□', '□', '□', '□', '□', '□', '□', '□'], ['□', '□', '□', '□', '□', '□', '□', '□']] [0, 0] [0, 6]
(0, 0)
(0, 1) □
(0, 2) □
(0, 3) □
(0, 4) □
(0, 5) □
(0, 6) ♜
all free
queen collision True
collision checking [['♕', '□', '□', '□', '□', '□', '♜', '□'], ['□', '□', '□', '□', '□', '□', '□', '□'], ['□', '□', '□', '□', '□', '□', '□', '□'], ['□', '□', '□', '□', '□', '□', '□', '□'], ['□', '□', '□', '□', '□', '□', '□', '□'], ['□', '□', '□', '□', '□', '□', '□', '□'], ['□', '□', '□', '□', '□', '□', '□', '□'], ['□', '□', '□', '□', '□', '□', '□', '□']] [0, 0] [0, 6]
(0, 0)
(0, 1) □
(0, 2) □
(0, 3) □
(0, 4) □
(0, 5) □
(0, 6) ♜
all free
♕
wrong chosen
♕
checking queen
[0, 0] [0, 6]
collision checking [['♕', '□', '□', '♕', '□', '□', '□', '□'], ['□', '□', '□', '□', '□', '□', '□', '□'], ['□', '□', '□', '□', '□', '□', '□', '□'], ['□', '□', '□', '□', '□', '□', '□', '□'], ['□', '□', '□', '□', '□', '□', '□', '□'], ['□', '□', '□', '□', '□', '□', '□', '□'], ['□', '□', '□', '□', '□', '□', '□', '□'], ['□', '□', '□', '□', '□', '□', '□', '□']] [0, 0] [0, 6]
(0, 0)
(0, 1) □
(0, 2) □
(0, 3) ♕
queen collision False
collision checking [['♕', '□', '□', '♕', '□', '□', '□', '□'], ['□', '□', '□', '□', '□', '□', '□', '□'], ['□', '□', '□', '□', '□', '□', '□', '□'], ['□', '□', '□', '□', '□', '□', '□', '□'], ['□', '□', '□', '□', '□', '□', '□', '□'], ['□', '□', '□', '□', '□', '□', '□', '□'], ['□', '□', '□', '□', '□', '□', '□', '□'], ['□', '□', '□', '□', '□', '□', '□', '□']] [0, 0] [0, 6]
(0, 0)
(0, 1) □
(0, 2) □
(0, 3) ♕
♕
checking queen
[0, 0] [7, 0]
collision checking [['♕', '□', '□', '□', '□', '□', '□', '□'], ['□', '□', '□', '□', '□', '□', '□', '□'], ['□', '□', '□', '□', '□', '□', '□', '□'], ['□', '□', '□', '□', '□', '□', '□', '□'], ['□', '□', '□', '□', '□', '□', '□', '□'], ['□', '□', '□', '□', '□', '□', '□', '□'], ['□', '□', '□', '□', '□', '□', '□', '□'], ['□', '□', '□', '□', '□', '□', '□', '□']] [0, 0] [7, 0]
(0, 0)
(1, 0) □
(2, 0) □
(3, 0) □
(4, 0) □
(5, 0) □
(6, 0) □
(7, 0) □
all free
queen collision True
collision checking [['♕', '□', '□', '□', '□', '□', '□', '□'], ['□', '□', '□', '□', '□', '□', '□', '□'], ['□', '□', '□', '□', '□', '□', '□', '□'], ['□', '□', '□', '□', '□', '□', '□', '□'], ['□', '□', '□', '□', '□', '□', '□', '□'], ['□', '□', '□', '□', '□', '□', '□', '□'], ['□', '□', '□', '□', '□', '□', '□', '□'], ['□', '□', '□', '□', '□', '□', '□', '□']] [0, 0] [7, 0]
(0, 0)
(1, 0) □
(2, 0) □
(3, 0) □
(4, 0) □
(5, 0) □
(6, 0) □
(7, 0) □
all free
♕
checking queen
[0, 0] [7, 0]
collision checking [['♕', '□', '□', '□', '□', '□', '□', '□'], ['□', '□', '□', '□', '□', '□', '□', '□'], ['□', '□', '□', '□', '□', '□', '□', '□'], ['□', '□', '□', '□', '□', '□', '□', '□'], ['□', '□', '□', '□', '□', '□', '□', '□'], ['□', '□', '□', '□', '□', '□', '□', '□'], ['□', '□', '□', '□', '□', '□', '□', '□'], ['♜', '□', '□', '□', '□', '□', '□', '□']] [0, 0] [7, 0]
(0, 0)
(1, 0) □
(2, 0) □
(3, 0) □
(4, 0) □
(5, 0) □
(6, 0) □
(7, 0) ♜
all free
queen collision True
collision checking [['♕', '□', '□', '□', '□', '□', '□', '□'], ['□', '□', '□', '□', '□', '□', '□', '□'], ['□', '□', '□', '□', '□', '□', '□', '□'], ['□', '□', '□', '□', '□', '□', '□', '□'], ['□', '□', '□', '□', '□', '□', '□', '□'], ['□', '□', '□', '□', '□', '□', '□', '□'], ['□', '□', '□', '□', '□', '□', '□', '□'], ['♜', '□', '□', '□', '□', '□', '□', '□']] [0, 0] [7, 0]
(0, 0)
(1, 0) □
(2, 0) □
(3, 0) □
(4, 0) □
(5, 0) □
(6, 0) □
(7, 0) ♜
all free
♕
wrong chosen
♕
checking queen
[0, 0] [7, 0]
collision checking [['♕', '□', '□', '□', '□', '□', '□', '□'], ['□', '□', '□', '□', '□', '□', '□', '□'], ['□', '□', '□', '□', '□', '□', '□', '□'], ['♕', '□', '□', '□', '□', '□', '□', '□'], ['♕', '□', '□', '□', '□', '□', '□', '□'], ['□', '□', '□', '□', '□', '□', '□', '□'], ['□', '□', '□', '□', '□', '□', '□', '□'], ['□', '□', '□', '□', '□', '□', '□', '□']] [0, 0] [7, 0]
(0, 0)
(1, 0) □
(2, 0) □
(3, 0) ♕
queen collision False
collision checking [['♕', '□', '□', '□', '□', '□', '□', '□'], ['□', '□', '□', '□', '□', '□', '□', '□'], ['□', '□', '□', '□', '□', '□', '□', '□'], ['♕', '□', '□', '□', '□', '□', '□', '□'], ['♕', '□', '□', '□', '□', '□', '□', '□'], ['□', '□', '□', '□', '□', '□', '□', '□'], ['□', '□', '□', '□', '□', '□', '□', '□'], ['□', '□', '□', '□', '□', '□', '□', '□']] [0, 0] [7, 0]
(0, 0)
(1, 0) □
(2, 0) □
(3, 0) ♕
♕
checking queen
[0, 0] [0, 7]
collision checking [['♕', '□', '□', '□', '□', '□', '□', '□'], ['□', '□', '□', '□', '□', '□', '□', '□'], ['□', '□', '□', '□', '□', '□', '□', '□'], ['□', '□', '□', '□', '□', '□', '□', '□'], ['□', '□', '□', '□', '□', '□', '□', '□'], ['□', '□', '□', '□', '□', '□', '□', '□'], ['□', '□', '□', '□', '□', '□', '□', '□'], ['□', '□', '□', '□', '□', '□', '□', '□']] [0, 0] [0, 7]
(0, 0)
(0, 1) □
(0, 2) □
(0, 3) □
(0, 4) □
(0, 5) □
(0, 6) □
(0, 7) □
all free
queen collision True
collision checking [['♕', '□', '□', '□', '□', '□', '□', '□'], ['□', '□', '□', '□', '□', '□', '□', '□'], ['□', '□', '□', '□', '□', '□', '□', '□'], ['□', '□', '□', '□', '□', '□', '□', '□'], ['□', '□', '□', '□', '□', '□', '□', '□'], ['□', '□', '□', '□', '□', '□', '□', '□'], ['□', '□', '□', '□', '□', '□', '□', '□'], ['□', '□', '□', '□', '□', '□', '□', '□']] [0, 0] [0, 7]
(0, 0)
(0, 1) □
(0, 2) □
(0, 3) □
(0, 4) □
(0, 5) □
(0, 6) □
(0, 7) □
all free
♕
checking queen
[0, 0] [0, 7]
collision checking [['♕', '□', '□', '□', '□', '□', '□', '♜'], ['□', '□', '□', '□', '□', '□', '□', '□'], ['□', '□', '□', '□', '□', '□', '□', '□'], ['□', '□', '□', '□', '□', '□', '□', '□'], ['□', '□', '□', '□', '□', '□', '□', '□'], ['□', '□', '□', '□', '□', '□', '□', '□'], ['□', '□', '□', '□', '□', '□', '□', '□'], ['□', '□', '□', '□', '□', '□', '□', '□']] [0, 0] [0, 7]
(0, 0)
(0, 1) □
(0, 2) □
(0, 3) □
(0, 4) □
(0, 5) □
(0, 6) □
(0, 7) ♜
all free
queen collision True
collision checking [['♕', '□', '□', '□', '□', '□', '□', '♜'], ['□', '□', '□', '□', '□', '□', '□', '□'], ['□', '□', '□', '□', '□', '□', '□', '□'], ['□', '□', '□', '□', '□', '□', '□', '□'], ['□', '□', '□', '□', '□', '□', '□', '□'], ['□', '□', '□', '□', '□', '□', '□', '□'], ['□', '□', '□', '□', '□', '□', '□', '□'], ['□', '□', '□', '□', '□', '□', '□', '□']] [0, 0] [0, 7]
(0, 0)
(0, 1) □
(0, 2) □
(0, 3) □
(0, 4) □
(0, 5) □
(0, 6) □
(0, 7) ♜
all free
♕
wrong chosen
♕
checking queen
[0, 0] [0, 7]
collision checking [['♕', '□', '□', '♕', '♕', '□', '□', '□'], ['□', '□', '□', '□', '□', '□', '□', '□'], ['□', '□', '□', '□', '□', '□', '□', '□'], ['□', '□', '□', '□', '□', '□', '□', '□'], ['□', '□', '□', '□', '□', '□', '□', '□'], ['□', '□', '□', '□', '□', '□', '□', '□'], ['□', '□', '□', '□', '□', '□', '□', '□'], ['□', '□', '□', '□', '□', '□', '□', '□']] [0, 0] [0, 7]
(0, 0)
(0, 1) □
(0, 2) □
(0, 3) ♕
queen collision False
collision checking [['♕', '□', '□', '♕', '♕', '□', '□', '□'], ['□', '□', '□', '□', '□', '□', '□', '□'], ['□', '□', '□', '□', '□', '□', '□', '□'], ['□', '□', '□', '□', '□', '□', '□', '□'], ['□', '□', '□', '□', '□', '□', '□', '□'], ['□', '□', '□', '□', '□', '□', '□', '□'], ['□', '□', '□', '□', '□', '□', '□', '□'], ['□', '□', '□', '□', '□', '□', '□', '□']] [0, 0] [0, 7]
(0, 0)
(0, 1) □
(0, 2) □
(0, 3) ♕
♕
checking queen
[0, 1] [0, 0]
collision checking [['□', '♕', '□', '□', '□', '□', '□', '□'], ['□', '□', '□', '□', '□', '□', '□', '□'], ['□', '□', '□', '□', '□', '□', '□', '□'], ['□', '□', '□', '□', '□', '□', '□', '□'], ['□', '□', '□', '□', '□', '□', '□', '□'], ['□', '□', '□', '□', '□', '□', '□', '□'], ['□', '□', '□', '□', '□', '□', '□', '□'], ['□', '□', '□', '□', '□', '□', '□', '□']] [0, 1] [0, 0]
(0, 1)
(0, 0) □
all free
queen collision True
collision checking [['□', '♕', '□', '□', '□', '□', '□', '□'], ['□', '□', '□', '□', '□', '□', '□', '□'], ['□', '□', '□', '□', '□', '□', '□', '□'], ['□', '□', '□', '□', '□', '□', '□', '□'], ['□', '□', '□', '□', '□', '□', '□', '□'], ['□', '□', '□', '□', '□', '□', '□', '□'], ['□', '□', '□', '□', '□', '□', '□', '□'], ['□', '□', '□', '□', '□', '□', '□', '□']] [0, 1] [0, 0]
(0, 1)
(0, 0) □
all free
♕
checking queen
[0, 1] [0, 0]
collision checking [['♜', '♕', '□', '□', '□', '□', '□', '□'], ['□', '□', '□', '□', '□', '□', '□', '□'], ['□', '□', '□', '□', '□', '□', '□', '□'], ['□', '□', '□', '□', '□', '□', '□', '□'], ['□', '□', '□', '□', '□', '□', '□', '□'], ['□', '□', '□', '□', '□', '□', '□', '□'], ['□', '□', '□', '□', '□', '□', '□', '□'], ['□', '□', '□', '□', '□', '□', '□', '□']] [0, 1] [0, 0]
(0, 1)
(0, 0) ♜
all free
queen collision True
collision checking [['♜', '♕', '□', '□', '□', '□', '□', '□'], ['□', '□', '□', '□', '□', '□', '□', '□'], ['□', '□', '□', '□', '□', '□', '□', '□'], ['□', '□', '□', '□', '□', '□', '□', '□'], ['□', '□', '□', '□', '□', '□', '□', '□'], ['□', '□', '□', '□', '□', '□', '□', '□'], ['□', '□', '□', '□', '□', '□', '□', '□'], ['□', '□', '□', '□', '□', '□', '□', '□']] [0, 1] [0, 0]
(0, 1)
(0, 0) ♜
all free
♕
wrong chosen
♕
wrong victim
♕
checking queen
[0, 1] [1, 1]
collision checking [['□', '♕', '□', '□', '□', '□', '□', '□'], ['□', '□', '□', '□', '□', '□', '□', '□'], ['□', '□', '□', '□', '□', '□', '□', '□'], ['□', '□', '□', '□', '□', '□', '□', '□'], ['□', '□', '□', '□', '□', '□', '□', '□'], ['□', '□', '□', '□', '□', '□', '□', '□'], ['□', '□', '□', '□', '□', '□', '□', '□'], ['□', '□', '□', '□', '□', '□', '□', '□']] [0, 1] [1, 1]
(0, 1)
(1, 1) □
all free
queen collision True
collision checking [['□', '♕', '□', '□', '□', '□', '□', '□'], ['□', '□', '□', '□', '□', '□', '□', '□'], ['□', '□', '□', '□', '□', '□', '□', '□'], ['□', '□', '□', '□', '□', '□', '□', '□'], ['□', '□', '□', '□', '□', '□', '□', '□'], ['□', '□', '□', '□', '□', '□', '□', '□'], ['□', '□', '□', '□', '□', '□', '□', '□'], ['□', '□', '□', '□', '□', '□', '□', '□']] [0, 1] [1, 1]
(0, 1)
(1, 1) □
all free
♕
checking queen
[0, 1] [1, 1]
collision checking [['□', '♕', '□', '□', '□', '□', '□', '□'], ['□', '♜', '□', '□', '□', '□', '□', '□'], ['□', '□', '□', '□', '□', '□', '□', '□'], ['□', '□', '□', '□', '□', '□', '□', '□'], ['□', '□', '□', '□', '□', '□', '□', '□'], ['□', '□', '□', '□', '□', '□', '□', '□'], ['□', '□', '□', '□', '□', '□', '□', '□'], ['□', '□', '□', '□', '□', '□', '□', '□']] [0, 1] [1, 1]
(0, 1)
(1, 1) ♜
all free
queen collision True
collision checking [['□', '♕', '□', '□', '□', '□', '□', '□'], ['□', '♜', '□', '□', '□', '□', '□', '□'], ['□', '□', '□', '□', '□', '□', '□', '□'], ['□', '□', '□', '□', '□', '□', '□', '□'], ['□', '□', '□', '□', '□', '□', '□', '□'], ['□', '□', '□', '□', '□', '□', '□', '□'], ['□', '□', '□', '□', '□', '□', '□', '□'], ['□', '□', '□', '□', '□', '□', '□', '□']] [0, 1] [1, 1]
(0, 1)
(1, 1) ♜
all free
♕
wrong chosen
♕
wrong victim
♕
checking queen
[0, 1] [2, 1]
collision checking [['□', '♕', '□', '□', '□', '□', '□', '□'], ['□', '□', '□', '□', '□', '□', '□', '□'], ['□', '□', '□', '□', '□', '□', '□', '□'], ['□', '□', '□', '□', '□', '□', '□', '□'], ['□', '□', '□', '□', '□', '□', '□', '□'], ['□', '□', '□', '□', '□', '□', '□', '□'], ['□', '□', '□', '□', '□', '□', '□', '□'], ['□', '□', '□', '□', '□', '□', '□', '□']] [0, 1] [2, 1]
(0, 1)
(1, 1) □
(2, 1) □
all free
queen collision True
collision checking [['□', '♕', '□', '□', '□', '□', '□', '□'], ['□', '□', '□', '□', '□', '□', '□', '□'], ['□', '□', '□', '□', '□', '□', '□', '□'], ['□', '□', '□', '□', '□', '□', '□', '□'], ['□', '□', '□', '□', '□', '□', '□', '□'], ['□', '□', '□', '□', '□', '□', '□', '□'], ['□', '□', '□', '□', '□', '□', '□', '□'], ['□', '□', '□', '□', '□', '□', '□', '□']] [0, 1] [2, 1]
(0, 1)
(1, 1) □
(2, 1) □
all free
♕
checking queen
[0, 1] [2, 1]
collision checking [['□', '♕', '□', '□', '□', '□', '□', '□'], ['□', '□', '□', '□', '□', '□', '□', '□'], ['□', '♜', '□', '□', '□', '□', '□', '□'], ['□', '□', '□', '□', '□', '□', '□', '□'], ['□', '□', '□', '□', '□', '□', '□', '□'], ['□', '□', '□', '□', '□', '□', '□', '□'], ['□', '□', '□', '□', '□', '□', '□', '□'], ['□', '□', '□', '□', '□', '□', '□', '□']] [0, 1] [2, 1]
(0, 1)
(1, 1) □
(2, 1) ♜
all free
queen collision True
collision checking [['□', '♕', '□', '□', '□', '□', '□', '□'], ['□', '□', '□', '□', '□', '□', '□', '□'], ['□', '♜', '□', '□', '□', '□', '□', '□'], ['□', '□', '□', '□', '□', '□', '□', '□'], ['□', '□', '□', '□', '□', '□', '□', '□'], ['□', '□', '□', '□', '□', '□', '□', '□'], ['□', '□', '□', '□', '□', '□', '□', '□'], ['□', '□', '□', '□', '□', '□', '□', '□']] [0, 1] [2, 1]
(0, 1)
(1, 1) □
(2, 1) ♜
all free
♕
wrong chosen
♕
checking queen
[0, 1] [2, 1]
collision checking [['□', '♕', '□', '□', '□', '□', '□', '□'], ['□', '♕', '□', '□', '□', '□', '□', '□'], ['□', '□', '□', '□', '□', '□', '□', '□'], ['□', '□', '□', '□', '□', '□', '□', '□'], ['□', '□', '□', '□', '□', '□', '□', '□'], ['□', '□', '□', '□', '□', '□', '□', '□'], ['□', '□', '□', '□', '□', '□', '□', '□'], ['□', '□', '□', '□', '□', '□', '□', '□']] [0, 1] [2, 1]
(0, 1)
(1, 1) ♕
queen collision False
collision checking [['□', '♕', '□', '□', '□', '□', '□', '□'], ['□', '♕', '□', '□', '□', '□', '□', '□'], ['□', '□', '□', '□', '□', '□', '□', '□'], ['□', '□', '□', '□', '□', '□', '□', '□'], ['□', '□', '□', '□', '□', '□', '□', '□'], ['□', '□', '□', '□', '□', '□', '□', '□'], ['□', '□', '□', '□', '□', '□', '□', '□'], ['□', '□', '□', '□', '□', '□', '□', '□']] [0, 1] [2, 1]
(0, 1)
(1, 1) ♕
♕
checking queen
[0, 1] [0, 2]
collision checking [['□', '♕', '□', '□', '□', '□', '□', '□'], ['□', '□', '□', '□', '□', '□', '□', '□'], ['□', '□', '□', '□', '□', '□', '□', '□'], ['□', '□', '□', '□', '□', '□', '□', '□'], ['□', '□', '□', '□', '□', '□', '□', '□'], ['□', '□', '□', '□', '□', '□', '□', '□'], ['□', '□', '□', '□', '□', '□', '□', '□'], ['□', '□', '□', '□', '□', '□', '□', '□']] [0, 1] [0, 2]
(0, 1)
(0, 2) □
all free
queen collision True
collision checking [['□', '♕', '□', '□', '□', '□', '□', '□'], ['□', '□', '□', '□', '□', '□', '□', '□'], ['□', '□', '□', '□', '□', '□', '□', '□'], ['□', '□', '□', '□', '□', '□', '□', '□'], ['□', '□', '□', '□', '□', '□', '□', '□'], ['□', '□', '□', '□', '□', '□', '□', '□'], ['□', '□', '□', '□', '□', '□', '□', '□'], ['□', '□', '□', '□', '□', '□', '□', '□']] [0, 1] [0, 2]
(0, 1)
(0, 2) □
all free
♕
checking queen
[0, 1] [0, 2]
collision checking [['□', '♕', '♜', '□', '□', '□', '□', '□'], ['□', '□', '□', '□', '□', '□', '□', '□'], ['□', '□', '□', '□', '□', '□', '□', '□'], ['□', '□', '□', '□', '□', '□', '□', '□'], ['□', '□', '□', '□', '□', '□', '□', '□'], ['□', '□', '□', '□', '□', '□', '□', '□'], ['□', '□', '□', '□', '□', '□', '□', '□'], ['□', '□', '□', '□', '□', '□', '□', '□']] [0, 1] [0, 2]
(0, 1)
(0, 2) ♜
all free
queen collision True
collision checking [['□', '♕', '♜', '□', '□', '□', '□', '□'], ['□', '□', '□', '□', '□', '□', '□', '□'], ['□', '□', '□', '□', '□', '□', '□', '□'], ['□', '□', '□', '□', '□', '□', '□', '□'], ['□', '□', '□', '□', '□', '□', '□', '□'], ['□', '□', '□', '□', '□', '□', '□', '□'], ['□', '□', '□', '□', '□', '□', '□', '□'], ['□', '□', '□', '□', '□', '□', '□', '□']] [0, 1] [0, 2]
(0, 1)
(0, 2) ♜
all free
♕
wrong chosen
♕
wrong victim
♕
checking queen
[0, 1] [3, 1]
collision checking [['□', '♕', '□', '□', '□', '□', '□', '□'], ['□', '□', '□', '□', '□', '□', '□', '□'], ['□', '□', '□', '□', '□', '□', '□', '□'], ['□', '□', '□', '□', '□', '□', '□', '□'], ['□', '□', '□', '□', '□', '□', '□', '□'], ['□', '□', '□', '□', '□', '□', '□', '□'], ['□', '□', '□', '□', '□', '□', '□', '□'], ['□', '□', '□', '□', '□', '□', '□', '□']] [0, 1] [3, 1]
(0, 1)
(1, 1) □
(2, 1) □
(3, 1) □
all free
queen collision True
collision checking [['□', '♕', '□', '□', '□', '□', '□', '□'], ['□', '□', '□', '□', '□', '□', '□', '□'], ['□', '□', '□', '□', '□', '□', '□', '□'], ['□', '□', '□', '□', '□', '□', '□', '□'], ['□', '□', '□', '□', '□', '□', '□', '□'], ['□', '□', '□', '□', '□', '□', '□', '□'], ['□', '□', '□', '□', '□', '□', '□', '□'], ['□', '□', '□', '□', '□', '□', '□', '□']] [0, 1] [3, 1]
(0, 1)
(1, 1) □
(2, 1) □
(3, 1) □
all free
♕
checking queen
[0, 1] [3, 1]
collision checking [['□', '♕', '□', '□', '□', '□', '□', '□'], ['□', '□', '□', '□', '□', '□', '□', '□'], ['□', '□', '□', '□', '□', '□', '□', '□'], ['□', '♜', '□', '□', '□', '□', '□', '□'], ['□', '□', '□', '□', '□', '□', '□', '□'], ['□', '□', '□', '□', '□', '□', '□', '□'], ['□', '□', '□', '□', '□', '□', '□', '□'], ['□', '□', '□', '□', '□', '□', '□', '□']] [0, 1] [3, 1]
(0, 1)
(1, 1) □
(2, 1) □
(3, 1) ♜
all free
queen collision True
collision checking [['□', '♕', '□', '□', '□', '□', '□', '□'], ['□', '□', '□', '□', '□', '□', '□', '□'], ['□', '□', '□', '□', '□', '□', '□', '□'], ['□', '♜', '□', '□', '□', '□', '□', '□'], ['□', '□', '□', '□', '□', '□', '□', '□'], ['□', '□', '□', '□', '□', '□', '□', '□'], ['□', '□', '□', '□', '□', '□', '□', '□'], ['□', '□', '□', '□', '□', '□', '□', '□']] [0, 1] [3, 1]
(0, 1)
(1, 1) □
(2, 1) □
(3, 1) ♜
all free
♕
wrong chosen
♕
checking queen
[0, 1] [3, 1]
collision checking [['□', '♕', '□', '□', '□', '□', '□', '□'], ['□', '♕', '□', '□', '□', '□', '□', '□'], ['□', '♕', '□', '□', '□', '□', '□', '□'], ['□', '□', '□', '□', '□', '□', '□', '□'], ['□', '□', '□', '□', '□', '□', '□', '□'], ['□', '□', '□', '□', '□', '□', '□', '□'], ['□', '□', '□', '□', '□', '□', '□', '□'], ['□', '□', '□', '□', '□', '□', '□', '□']] [0, 1] [3, 1]
(0, 1)
(1, 1) ♕
queen collision False
collision checking [['□', '♕', '□', '□', '□', '□', '□', '□'], ['□', '♕', '□', '□', '□', '□', '□', '□'], ['□', '♕', '□', '□', '□', '□', '□', '□'], ['□', '□', '□', '□', '□', '□', '□', '□'], ['□', '□', '□', '□', '□', '□', '□', '□'], ['□', '□', '□', '□', '□', '□', '□', '□'], ['□', '□', '□', '□', '□', '□', '□', '□'], ['□', '□', '□', '□', '□', '□', '□', '□']] [0, 1] [3, 1]
(0, 1)
(1, 1) ♕
♕
checking queen
[0, 1] [0, 3]
collision checking [['□', '♕', '□', '□', '□', '□', '□', '□'], ['□', '□', '□', '□', '□', '□', '□', '□'], ['□', '□', '□', '□', '□', '□', '□', '□'], ['□', '□', '□', '□', '□', '□', '□', '□'], ['□', '□', '□', '□', '□', '□', '□', '□'], ['□', '□', '□', '□', '□', '□', '□', '□'], ['□', '□', '□', '□', '□', '□', '□', '□'], ['□', '□', '□', '□', '□', '□', '□', '□']] [0, 1] [0, 3]
(0, 1)
(0, 2) □
(0, 3) □
all free
queen collision True
collision checking [['□', '♕', '□', '□', '□', '□', '□', '□'], ['□', '□', '□', '□', '□', '□', '□', '□'], ['□', '□', '□', '□', '□', '□', '□', '□'], ['□', '□', '□', '□', '□', '□', '□', '□'], ['□', '□', '□', '□', '□', '□', '□', '□'], ['□', '□', '□', '□', '□', '□', '□', '□'], ['□', '□', '□', '□', '□', '□', '□', '□'], ['□', '□', '□', '□', '□', '□', '□', '□']] [0, 1] [0, 3]
(0, 1)
(0, 2) □
(0, 3) □
all free
♕
checking queen
[0, 1] [0, 3]
collision checking [['□', '♕', '□', '♜', '□', '□', '□', '□'], ['□', '□', '□', '□', '□', '□', '□', '□'], ['□', '□', '□', '□', '□', '□', '□', '□'], ['□', '□', '□', '□', '□', '□', '□', '□'], ['□', '□', '□', '□', '□', '□', '□', '□'], ['□', '□', '□', '□', '□', '□', '□', '□'], ['□', '□', '□', '□', '□', '□', '□', '□'], ['□', '□', '□', '□', '□', '□', '□', '□']] [0, 1] [0, 3]
(0, 1)
(0, 2) □
(0, 3) ♜
all free
queen collision True
collision checking [['□', '♕', '□', '♜', '□', '□', '□', '□'], ['□', '□', '□', '□', '□', '□', '□', '□'], ['□', '□', '□', '□', '□', '□', '□', '□'], ['□', '□', '□', '□', '□', '□', '□', '□'], ['□', '□', '□', '□', '□', '□', '□', '□'], ['□', '□', '□', '□', '□', '□', '□', '□'], ['□', '□', '□', '□', '□', '□', '□', '□'], ['□', '□', '□', '□', '□', '□', '□', '□']] [0, 1] [0, 3]
(0, 1)
(0, 2) □
(0, 3) ♜
all free
♕
wrong chosen
♕
checking queen
[0, 1] [0, 3]
collision checking [['□', '♕', '♕', '□', '□', '□', '□', '□'], ['□', '□', '□', '□', '□', '□', '□', '□'], ['□', '□', '□', '□', '□', '□', '□', '□'], ['□', '□', '□', '□', '□', '□', '□', '□'], ['□', '□', '□', '□', '□', '□', '□', '□'], ['□', '□', '□', '□', '□', '□', '□', '□'], ['□', '□', '□', '□', '□', '□', '□', '□'], ['□', '□', '□', '□', '□', '□', '□', '□']] [0, 1] [0, 3]
(0, 1)
(0, 2) ♕
queen collision False
collision checking [['□', '♕', '♕', '□', '□', '□', '□', '□'], ['□', '□', '□', '□', '□', '□', '□', '□'], ['□', '□', '□', '□', '□', '□', '□', '□'], ['□', '□', '□', '□', '□', '□', '□', '□'], ['□', '□', '□', '□', '□', '□', '□', '□'], ['□', '□', '□', '□', '□', '□', '□', '□'], ['□', '□', '□', '□', '□', '□', '□', '□'], ['□', '□', '□', '□', '□', '□', '□', '□']] [0, 1] [0, 3]
(0, 1)
(0, 2) ♕
♕
checking queen
[0, 1] [4, 1]
collision checking [['□', '♕', '□', '□', '□', '□', '□', '□'], ['□', '□', '□', '□', '□', '□', '□', '□'], ['□', '□', '□', '□', '□', '□', '□', '□'], ['□', '□', '□', '□', '□', '□', '□', '□'], ['□', '□', '□', '□', '□', '□', '□', '□'], ['□', '□', '□', '□', '□', '□', '□', '□'], ['□', '□', '□', '□', '□', '□', '□', '□'], ['□', '□', '□', '□', '□', '□', '□', '□']] [0, 1] [4, 1]
(0, 1)
(1, 1) □
(2, 1) □
(3, 1) □
(4, 1) □
all free
queen collision True
collision checking [['□', '♕', '□', '□', '□', '□', '□', '□'], ['□', '□', '□', '□', '□', '□', '□', '□'], ['□', '□', '□', '□', '□', '□', '□', '□'], ['□', '□', '□', '□', '□', '□', '□', '□'], ['□', '□', '□', '□', '□', '□', '□', '□'], ['□', '□', '□', '□', '□', '□', '□', '□'], ['□', '□', '□', '□', '□', '□', '□', '□'], ['□', '□', '□', '□', '□', '□', '□', '□']] [0, 1] [4, 1]
(0, 1)
(1, 1) □
(2, 1) □
(3, 1) □
(4, 1) □
all free
♕
checking queen
[0, 1] [4, 1]
collision checking [['□', '♕', '□', '□', '□', '□', '□', '□'], ['□', '□', '□', '□', '□', '□', '□', '□'], ['□', '□', '□', '□', '□', '□', '□', '□'], ['□', '□', '□', '□', '□', '□', '□', '□'], ['□', '♜', '□', '□', '□', '□', '□', '□'], ['□', '□', '□', '□', '□', '□', '□', '□'], ['□', '□', '□', '□', '□', '□', '□', '□'], ['□', '□', '□', '□', '□', '□', '□', '□']] [0, 1] [4, 1]
(0, 1)
(1, 1) □
(2, 1) □
(3, 1) □
(4, 1) ♜
all free
queen collision True
collision checking [['□', '♕', '□', '□', '□', '□', '□', '□'], ['□', '□', '□', '□', '□', '□', '□', '□'], ['□', '□', '□', '□', '□', '□', '□', '□'], ['□', '□', '□', '□', '□', '□', '□', '□'], ['□', '♜', '□', '□', '□', '□', '□', '□'], ['□', '□', '□', '□', '□', '□', '□', '□'], ['□', '□', '□', '□', '□', '□', '□', '□'], ['□', '□', '□', '□', '□', '□', '□', '□']] [0, 1] [4, 1]
(0, 1)
(1, 1) □
(2, 1) □
(3, 1) □
(4, 1) ♜
all free
♕
wrong chosen
♕
checking queen
[0, 1] [4, 1]
collision checking [['□', '♕', '□', '□', '□', '□', '□', '□'], ['□', '□', '□', '□', '□', '□', '□', '□'], ['□', '♕', '□', '□', '□', '□', '□', '□'], ['□', '□', '□', '□', '□', '□', '□', '□'], ['□', '□', '□', '□', '□', '□', '□', '□'], ['□', '□', '□', '□', '□', '□', '□', '□'], ['□', '□', '□', '□', '□', '□', '□', '□'], ['□', '□', '□', '□', '□', '□', '□', '□']] [0, 1] [4, 1]
(0, 1)
(1, 1) □
(2, 1) ♕
queen collision False
collision checking [['□', '♕', '□', '□', '□', '□', '□', '□'], ['□', '□', '□', '□', '□', '□', '□', '□'], ['□', '♕', '□', '□', '□', '□', '□', '□'], ['□', '□', '□', '□', '□', '□', '□', '□'], ['□', '□', '□', '□', '□', '□', '□', '□'], ['□', '□', '□', '□', '□', '□', '□', '□'], ['□', '□', '□', '□', '□', '□', '□', '□'], ['□', '□', '□', '□', '□', '□', '□', '□']] [0, 1] [4, 1]
(0, 1)
(1, 1) □
(2, 1) ♕
♕
checking queen
[0, 1] [0, 4]
collision checking [['□', '♕', '□', '□', '□', '□', '□', '□'], ['□', '□', '□', '□', '□', '□', '□', '□'], ['□', '□', '□', '□', '□', '□', '□', '□'], ['□', '□', '□', '□', '□', '□', '□', '□'], ['□', '□', '□', '□', '□', '□', '□', '□'], ['□', '□', '□', '□', '□', '□', '□', '□'], ['□', '□', '□', '□', '□', '□', '□', '□'], ['□', '□', '□', '□', '□', '□', '□', '□']] [0, 1] [0, 4]
(0, 1)
(0, 2) □
(0, 3) □
(0, 4) □
all free
queen collision True
collision checking [['□', '♕', '□', '□', '□', '□', '□', '□'], ['□', '□', '□', '□', '□', '□', '□', '□'], ['□', '□', '□', '□', '□', '□', '□', '□'], ['□', '□', '□', '□', '□', '□', '□', '□'], ['□', '□', '□', '□', '□', '□', '□', '□'], ['□', '□', '□', '□', '□', '□', '□', '□'], ['□', '□', '□', '□', '□', '□', '□', '□'], ['□', '□', '□', '□', '□', '□', '□', '□']] [0, 1] [0, 4]
(0, 1)
(0, 2) □
(0, 3) □
(0, 4) □
all free
♕
checking queen
[0, 1] [0, 4]
collision checking [['□', '♕', '□', '□', '♜', '□', '□', '□'], ['□', '□', '□', '□', '□', '□', '□', '□'], ['□', '□', '□', '□', '□', '□', '□', '□'], ['□', '□', '□', '□', '□', '□', '□', '□'], ['□', '□', '□', '□', '□', '□', '□', '□'], ['□', '□', '□', '□', '□', '□', '□', '□'], ['□', '□', '□', '□', '□', '□', '□', '□'], ['□', '□', '□', '□', '□', '□', '□', '□']] [0, 1] [0, 4]
(0, 1)
(0, 2) □
(0, 3) □
(0, 4) ♜
all free
queen collision True
collision checking [['□', '♕', '□', '□', '♜', '□', '□', '□'], ['□', '□', '□', '□', '□', '□', '□', '□'], ['□', '□', '□', '□', '□', '□', '□', '□'], ['□', '□', '□', '□', '□', '□', '□', '□'], ['□', '□', '□', '□', '□', '□', '□', '□'], ['□', '□', '□', '□', '□', '□', '□', '□'], ['□', '□', '□', '□', '□', '□', '□', '□'], ['□', '□', '□', '□', '□', '□', '□', '□']] [0, 1] [0, 4]
(0, 1)
(0, 2) □
(0, 3) □
(0, 4) ♜
all free
♕
wrong chosen
♕
checking queen
[0, 1] [0, 4]
collision checking [['□', '♕', '♕', '♕', '□', '□', '□', '□'], ['□', '□', '□', '□', '□', '□', '□', '□'], ['□', '□', '□', '□', '□', '□', '□', '□'], ['□', '□', '□', '□', '□', '□', '□', '□'], ['□', '□', '□', '□', '□', '□', '□', '□'], ['□', '□', '□', '□', '□', '□', '□', '□'], ['□', '□', '□', '□', '□', '□', '□', '□'], ['□', '□', '□', '□', '□', '□', '□', '□']] [0, 1] [0, 4]
(0, 1)
(0, 2) ♕
queen collision False
collision checking [['□', '♕', '♕', '♕', '□', '□', '□', '□'], ['□', '□', '□', '□', '□', '□', '□', '□'], ['□', '□', '□', '□', '□', '□', '□', '□'], ['□', '□', '□', '□', '□', '□', '□', '□'], ['□', '□', '□', '□', '□', '□', '□', '□'], ['□', '□', '□', '□', '□', '□', '□', '□'], ['□', '□', '□', '□', '□', '□', '□', '□'], ['□', '□', '□', '□', '□', '□', '□', '□']] [0, 1] [0, 4]
(0, 1)
(0, 2) ♕
♕
checking queen
[0, 1] [5, 1]
collision checking [['□', '♕', '□', '□', '□', '□', '□', '□'], ['□', '□', '□', '□', '□', '□', '□', '□'], ['□', '□', '□', '□', '□', '□', '□', '□'], ['□', '□', '□', '□', '□', '□', '□', '□'], ['□', '□', '□', '□', '□', '□', '□', '□'], ['□', '□', '□', '□', '□', '□', '□', '□'], ['□', '□', '□', '□', '□', '□', '□', '□'], ['□', '□', '□', '□', '□', '□', '□', '□']] [0, 1] [5, 1]
(0, 1)
(1, 1) □
(2, 1) □
(3, 1) □
(4, 1) □
(5, 1) □
all free
queen collision True
collision checking [['□', '♕', '□', '□', '□', '□', '□', '□'], ['□', '□', '□', '□', '□', '□', '□', '□'], ['□', '□', '□', '□', '□', '□', '□', '□'], ['□', '□', '□', '□', '□', '□', '□', '□'], ['□', '□', '□', '□', '□', '□', '□', '□'], ['□', '□', '□', '□', '□', '□', '□', '□'], ['□', '□', '□', '□', '□', '□', '□', '□'], ['□', '□', '□', '□', '□', '□', '□', '□']] [0, 1] [5, 1]
(0, 1)
(1, 1) □
(2, 1) □
(3, 1) □
(4, 1) □
(5, 1) □
all free
♕
checking queen
[0, 1] [5, 1]
collision checking [['□', '♕', '□', '□', '□', '□', '□', '□'], ['□', '□', '□', '□', '□', '□', '□', '□'], ['□', '□', '□', '□', '□', '□', '□', '□'], ['□', '□', '□', '□', '□', '□', '□', '□'], ['□', '□', '□', '□', '□', '□', '□', '□'], ['□', '♜', '□', '□', '□', '□', '□', '□'], ['□', '□', '□', '□', '□', '□', '□', '□'], ['□', '□', '□', '□', '□', '□', '□', '□']] [0, 1] [5, 1]
(0, 1)
(1, 1) □
(2, 1) □
(3, 1) □
(4, 1) □
(5, 1) ♜
all free
queen collision True
collision checking [['□', '♕', '□', '□', '□', '□', '□', '□'], ['□', '□', '□', '□', '□', '□', '□', '□'], ['□', '□', '□', '□', '□', '□', '□', '□'], ['□', '□', '□', '□', '□', '□', '□', '□'], ['□', '□', '□', '□', '□', '□', '□', '□'], ['□', '♜', '□', '□', '□', '□', '□', '□'], ['□', '□', '□', '□', '□', '□', '□', '□'], ['□', '□', '□', '□', '□', '□', '□', '□']] [0, 1] [5, 1]
(0, 1)
(1, 1) □
(2, 1) □
(3, 1) □
(4, 1) □
(5, 1) ♜
all free
♕
wrong chosen
♕
checking queen
[0, 1] [5, 1]
collision checking [['□', '♕', '□', '□', '□', '□', '□', '□'], ['□', '□', '□', '□', '□', '□', '□', '□'], ['□', '♕', '□', '□', '□', '□', '□', '□'], ['□', '♕', '□', '□', '□', '□', '□', '□'], ['□', '□', '□', '□', '□', '□', '□', '□'], ['□', '□', '□', '□', '□', '□', '□', '□'], ['□', '□', '□', '□', '□', '□', '□', '□'], ['□', '□', '□', '□', '□', '□', '□', '□']] [0, 1] [5, 1]
(0, 1)
(1, 1) □
(2, 1) ♕
queen collision False
collision checking [['□', '♕', '□', '□', '□', '□', '□', '□'], ['□', '□', '□', '□', '□', '□', '□', '□'], ['□', '♕', '□', '□', '□', '□', '□', '□'], ['□', '♕', '□', '□', '□', '□', '□', '□'], ['□', '□', '□', '□', '□', '□', '□', '□'], ['□', '□', '□', '□', '□', '□', '□', '□'], ['□', '□', '□', '□', '□', '□', '□', '□'], ['□', '□', '□', '□', '□', '□', '□', '□']] [0, 1] [5, 1]
(0, 1)
(1, 1) □
(2, 1) ♕
♕
checking queen
[0, 1] [0, 5]
collision checking [['□', '♕', '□', '□', '□', '□', '□', '□'], ['□', '□', '□', '□', '□', '□', '□', '□'], ['□', '□', '□', '□', '□', '□', '□', '□'], ['□', '□', '□', '□', '□', '□', '□', '□'], ['□', '□', '□', '□', '□', '□', '□', '□'], ['□', '□', '□', '□', '□', '□', '□', '□'], ['□', '□', '□', '□', '□', '□', '□', '□'], ['□', '□', '□', '□', '□', '□', '□', '□']] [0, 1] [0, 5]
(0, 1)
(0, 2) □
(0, 3) □
(0, 4) □
(0, 5) □
all free
queen collision True
collision checking [['□', '♕', '□', '□', '□', '□', '□', '□'], ['□', '□', '□', '□', '□', '□', '□', '□'], ['□', '□', '□', '□', '□', '□', '□', '□'], ['□', '□', '□', '□', '□', '□', '□', '□'], ['□', '□', '□', '□', '□', '□', '□', '□'], ['□', '□', '□', '□', '□', '□', '□', '□'], ['□', '□', '□', '□', '□', '□', '□', '□'], ['□', '□', '□', '□', '□', '□', '□', '□']] [0, 1] [0, 5]
(0, 1)
(0, 2) □
(0, 3) □
(0, 4) □
(0, 5) □
all free
♕
checking queen
[0, 1] [0, 5]
collision checking [['□', '♕', '□', '□', '□', '♜', '□', '□'], ['□', '□', '□', '□', '□', '□', '□', '□'], ['□', '□', '□', '□', '□', '□', '□', '□'], ['□', '□', '□', '□', '□', '□', '□', '□'], ['□', '□', '□', '□', '□', '□', '□', '□'], ['□', '□', '□', '□', '□', '□', '□', '□'], ['□', '□', '□', '□', '□', '□', '□', '□'], ['□', '□', '□', '□', '□', '□', '□', '□']] [0, 1] [0, 5]
(0, 1)
(0, 2) □
(0, 3) □
(0, 4) □
(0, 5) ♜
all free
queen collision True
collision checking [['□', '♕', '□', '□', '□', '♜', '□', '□'], ['□', '□', '□', '□', '□', '□', '□', '□'], ['□', '□', '□', '□', '□', '□', '□', '□'], ['□', '□', '□', '□', '□', '□', '□', '□'], ['□', '□', '□', '□', '□', '□', '□', '□'], ['□', '□', '□', '□', '□', '□', '□', '□'], ['□', '□', '□', '□', '□', '□', '□', '□'], ['□', '□', '□', '□', '□', '□', '□', '□']] [0, 1] [0, 5]
(0, 1)
(0, 2) □
(0, 3) □
(0, 4) □
(0, 5) ♜
all free
♕
wrong chosen
♕
checking queen
[0, 1] [0, 5]
collision checking [['□', '♕', '□', '♕', '□', '□', '□', '□'], ['□', '□', '□', '□', '□', '□', '□', '□'], ['□', '□', '□', '□', '□', '□', '□', '□'], ['□', '□', '□', '□', '□', '□', '□', '□'], ['□', '□', '□', '□', '□', '□', '□', '□'], ['□', '□', '□', '□', '□', '□', '□', '□'], ['□', '□', '□', '□', '□', '□', '□', '□'], ['□', '□', '□', '□', '□', '□', '□', '□']] [0, 1] [0, 5]
(0, 1)
(0, 2) □
(0, 3) ♕
queen collision False
collision checking [['□', '♕', '□', '♕', '□', '□', '□', '□'], ['□', '□', '□', '□', '□', '□', '□', '□'], ['□', '□', '□', '□', '□', '□', '□', '□'], ['□', '□', '□', '□', '□', '□', '□', '□'], ['□', '□', '□', '□', '□', '□', '□', '□'], ['□', '□', '□', '□', '□', '□', '□', '□'], ['□', '□', '□', '□', '□', '□', '□', '□'], ['□', '□', '□', '□', '□', '□', '□', '□']] [0, 1] [0, 5]
(0, 1)
(0, 2) □
(0, 3) ♕
♕
checking queen
[0, 1] [6, 1]
collision checking [['□', '♕', '□', '□', '□', '□', '□', '□'], ['□', '□', '□', '□', '□', '□', '□', '□'], ['□', '□', '□', '□', '□', '□', '□', '□'], ['□', '□', '□', '□', '□', '□', '□', '□'], ['□', '□', '□', '□', '□', '□', '□', '□'], ['□', '□', '□', '□', '□', '□', '□', '□'], ['□', '□', '□', '□', '□', '□', '□', '□'], ['□', '□', '□', '□', '□', '□', '□', '□']] [0, 1] [6, 1]
(0, 1)
(1, 1) □
(2, 1) □
(3, 1) □
(4, 1) □
(5, 1) □
(6, 1) □
all free
queen collision True
collision checking [['□', '♕', '□', '□', '□', '□', '□', '□'], ['□', '□', '□', '□', '□', '□', '□', '□'], ['□', '□', '□', '□', '□', '□', '□', '□'], ['□', '□', '□', '□', '□', '□', '□', '□'], ['□', '□', '□', '□', '□', '□', '□', '□'], ['□', '□', '□', '□', '□', '□', '□', '□'], ['□', '□', '□', '□', '□', '□', '□', '□'], ['□', '□', '□', '□', '□', '□', '□', '□']] [0, 1] [6, 1]
(0, 1)
(1, 1) □
(2, 1) □
(3, 1) □
(4, 1) □
(5, 1) □
(6, 1) □
all free
♕
checking queen
[0, 1] [6, 1]
collision checking [['□', '♕', '□', '□', '□', '□', '□', '□'], ['□', '□', '□', '□', '□', '□', '□', '□'], ['□', '□', '□', '□', '□', '□', '□', '□'], ['□', '□', '□', '□', '□', '□', '□', '□'], ['□', '□', '□', '□', '□', '□', '□', '□'], ['□', '□', '□', '□', '□', '□', '□', '□'], ['□', '♜', '□', '□', '□', '□', '□', '□'], ['□', '□', '□', '□', '□', '□', '□', '□']] [0, 1] [6, 1]
(0, 1)
(1, 1) □
(2, 1) □
(3, 1) □
(4, 1) □
(5, 1) □
(6, 1) ♜
all free
queen collision True
collision checking [['□', '♕', '□', '□', '□', '□', '□', '□'], ['□', '□', '□', '□', '□', '□', '□', '□'], ['□', '□', '□', '□', '□', '□', '□', '□'], ['□', '□', '□', '□', '□', '□', '□', '□'], ['□', '□', '□', '□', '□', '□', '□', '□'], ['□', '□', '□', '□', '□', '□', '□', '□'], ['□', '♜', '□', '□', '□', '□', '□', '□'], ['□', '□', '□', '□', '□', '□', '□', '□']] [0, 1] [6, 1]
(0, 1)
(1, 1) □
(2, 1) □
(3, 1) □
(4, 1) □
(5, 1) □
(6, 1) ♜
all free
♕
wrong chosen
♕
checking queen
[0, 1] [6, 1]
collision checking [['□', '♕', '□', '□', '□', '□', '□', '□'], ['□', '□', '□', '□', '□', '□', '□', '□'], ['□', '□', '□', '□', '□', '□', '□', '□'], ['□', '♕', '□', '□', '□', '□', '□', '□'], ['□', '□', '□', '□', '□', '□', '□', '□'], ['□', '□', '□', '□', '□', '□', '□', '□'], ['□', '□', '□', '□', '□', '□', '□', '□'], ['□', '□', '□', '□', '□', '□', '□', '□']] [0, 1] [6, 1]
(0, 1)
(1, 1) □
(2, 1) □
(3, 1) ♕
queen collision False
collision checking [['□', '♕', '□', '□', '□', '□', '□', '□'], ['□', '□', '□', '□', '□', '□', '□', '□'], ['□', '□', '□', '□', '□', '□', '□', '□'], ['□', '♕', '□', '□', '□', '□', '□', '□'], ['□', '□', '□', '□', '□', '□', '□', '□'], ['□', '□', '□', '□', '□', '□', '□', '□'], ['□', '□', '□', '□', '□', '□', '□', '□'], ['□', '□', '□', '□', '□', '□', '□', '□']] [0, 1] [6, 1]
(0, 1)
(1, 1) □
(2, 1) □
(3, 1) ♕
♕
checking queen
[0, 1] [0, 6]
collision checking [['□', '♕', '□', '□', '□', '□', '□', '□'], ['□', '□', '□', '□', '□', '□', '□', '□'], ['□', '□', '□', '□', '□', '□', '□', '□'], ['□', '□', '□', '□', '□', '□', '□', '□'], ['□', '□', '□', '□', '□', '□', '□', '□'], ['□', '□', '□', '□', '□', '□', '□', '□'], ['□', '□', '□', '□', '□', '□', '□', '□'], ['□', '□', '□', '□', '□', '□', '□', '□']] [0, 1] [0, 6]
(0, 1)
(0, 2) □
(0, 3) □
(0, 4) □
(0, 5) □
(0, 6) □
all free
queen collision True
collision checking [['□', '♕', '□', '□', '□', '□', '□', '□'], ['□', '□', '□', '□', '□', '□', '□', '□'], ['□', '□', '□', '□', '□', '□', '□', '□'], ['□', '□', '□', '□', '□', '□', '□', '□'], ['□', '□', '□', '□', '□', '□', '□', '□'], ['□', '□', '□', '□', '□', '□', '□', '□'], ['□', '□', '□', '□', '□', '□', '□', '□'], ['□', '□', '□', '□', '□', '□', '□', '□']] [0, 1] [0, 6]
(0, 1)
(0, 2) □
(0, 3) □
(0, 4) □
(0, 5) □
(0, 6) □
all free
♕
checking queen
[0, 1] [0, 6]
collision checking [['□', '♕', '□', '□', '□', '□', '♜', '□'], ['□', '□', '□', '□', '□', '□', '□', '□'], ['□', '□', '□', '□', '□', '□', '□', '□'], ['□', '□', '□', '□', '□', '□', '□', '□'], ['□', '□', '□', '□', '□', '□', '□', '□'], ['□', '□', '□', '□', '□', '□', '□', '□'], ['□', '□', '□', '□', '□', '□', '□', '□'], ['□', '□', '□', '□', '□', '□', '□', '□']] [0, 1] [0, 6]
(0, 1)
(0, 2) □
(0, 3) □
(0, 4) □
(0, 5) □
(0, 6) ♜
all free
queen collision True
collision checking [['□', '♕', '□', '□', '□', '□', '♜', '□'], ['□', '□', '□', '□', '□', '□', '□', '□'], ['□', '□', '□', '□', '□', '□', '□', '□'], ['□', '□', '□', '□', '□', '□', '□', '□'], ['□', '□', '□', '□', '□', '□', '□', '□'], ['□', '□', '□', '□', '□', '□', '□', '□'], ['□', '□', '□', '□', '□', '□', '□', '□'], ['□', '□', '□', '□', '□', '□', '□', '□']] [0, 1] [0, 6]
(0, 1)
(0, 2) □
(0, 3) □
(0, 4) □
(0, 5) □
(0, 6) ♜
all free
♕
wrong chosen
♕
checking queen
[0, 1] [0, 6]
collision checking [['□', '♕', '□', '♕', '♕', '□', '□', '□'], ['□', '□', '□', '□', '□', '□', '□', '□'], ['□', '□', '□', '□', '□', '□', '□', '□'], ['□', '□', '□', '□', '□', '□', '□', '□'], ['□', '□', '□', '□', '□', '□', '□', '□'], ['□', '□', '□', '□', '□', '□', '□', '□'], ['□', '□', '□', '□', '□', '□', '□', '□'], ['□', '□', '□', '□', '□', '□', '□', '□']] [0, 1] [0, 6]
(0, 1)
(0, 2) □
(0, 3) ♕
queen collision False
collision checking [['□', '♕', '□', '♕', '♕', '□', '□', '□'], ['□', '□', '□', '□', '□', '□', '□', '□'], ['□', '□', '□', '□', '□', '□', '□', '□'], ['□', '□', '□', '□', '□', '□', '□', '□'], ['□', '□', '□', '□', '□', '□', '□', '□'], ['□', '□', '□', '□', '□', '□', '□', '□'], ['□', '□', '□', '□', '□', '□', '□', '□'], ['□', '□', '□', '□', '□', '□', '□', '□']] [0, 1] [0, 6]
(0, 1)
(0, 2) □
(0, 3) ♕
♕
checking queen
[0, 1] [7, 1]
collision checking [['□', '♕', '□', '□', '□', '□', '□', '□'], ['□', '□', '□', '□', '□', '□', '□', '□'], ['□', '□', '□', '□', '□', '□', '□', '□'], ['□', '□', '□', '□', '□', '□', '□', '□'], ['□', '□', '□', '□', '□', '□', '□', '□'], ['□', '□', '□', '□', '□', '□', '□', '□'], ['□', '□', '□', '□', '□', '□', '□', '□'], ['□', '□', '□', '□', '□', '□', '□', '□']] [0, 1] [7, 1]
(0, 1)
(1, 1) □
(2, 1) □
(3, 1) □
(4, 1) □
(5, 1) □
(6, 1) □
(7, 1) □
all free
queen collision True
collision checking [['□', '♕', '□', '□', '□', '□', '□', '□'], ['□', '□', '□', '□', '□', '□', '□', '□'], ['□', '□', '□', '□', '□', '□', '□', '□'], ['□', '□', '□', '□', '□', '□', '□', '□'], ['□', '□', '□', '□', '□', '□', '□', '□'], ['□', '□', '□', '□', '□', '□', '□', '□'], ['□', '□', '□', '□', '□', '□', '□', '□'], ['□', '□', '□', '□', '□', '□', '□', '□']] [0, 1] [7, 1]
(0, 1)
(1, 1) □
(2, 1) □
(3, 1) □
(4, 1) □
(5, 1) □
(6, 1) □
(7, 1) □
all free
♕
checking queen
[0, 1] [7, 1]
collision checking [['□', '♕', '□', '□', '□', '□', '□', '□'], ['□', '□', '□', '□', '□', '□', '□', '□'], ['□', '□', '□', '□', '□', '□', '□', '□'], ['□', '□', '□', '□', '□', '□', '□', '□'], ['□', '□', '□', '□', '□', '□', '□', '□'], ['□', '□', '□', '□', '□', '□', '□', '□'], ['□', '□', '□', '□', '□', '□', '□', '□'], ['□', '♜', '□', '□', '□', '□', '□', '□']] [0, 1] [7, 1]
(0, 1)
(1, 1) □
(2, 1) □
(3, 1) □
(4, 1) □
(5, 1) □
(6, 1) □
(7, 1) ♜
all free
queen collision True
collision checking [['□', '♕', '□', '□', '□', '□', '□', '□'], ['□', '□', '□', '□', '□', '□', '□', '□'], ['□', '□', '□', '□', '□', '□', '□', '□'], ['□', '□', '□', '□', '□', '□', '□', '□'], ['□', '□', '□', '□', '□', '□', '□', '□'], ['□', '□', '□', '□', '□', '□', '□', '□'], ['□', '□', '□', '□', '□', '□', '□', '□'], ['□', '♜', '□', '□', '□', '□', '□', '□']] [0, 1] [7, 1]
(0, 1)
(1, 1) □
(2, 1) □
(3, 1) □
(4, 1) □
(5, 1) □
(6, 1) □
(7, 1) ♜
all free
♕
wrong chosen
♕
checking queen
[0, 1] [7, 1]
collision checking [['□', '♕', '□', '□', '□', '□', '□', '□'], ['□', '□', '□', '□', '□', '□', '□', '□'], ['□', '□', '□', '□', '□', '□', '□', '□'], ['□', '♕', '□', '□', '□', '□', '□', '□'], ['□', '♕', '□', '□', '□', '□', '□', '□'], ['□', '□', '□', '□', '□', '□', '□', '□'], ['□', '□', '□', '□', '□', '□', '□', '□'], ['□', '□', '□', '□', '□', '□', '□', '□']] [0, 1] [7, 1]
(0, 1)
(1, 1) □
(2, 1) □
(3, 1) ♕
queen collision False
collision checking [['□', '♕', '□', '□', '□', '□', '□', '□'], ['□', '□', '□', '□', '□', '□', '□', '□'], ['□', '□', '□', '□', '□', '□', '□', '□'], ['□', '♕', '□', '□', '□', '□', '□', '□'], ['□', '♕', '□', '□', '□', '□', '□', '□'], ['□', '□', '□', '□', '□', '□', '□', '□'], ['□', '□', '□', '□', '□', '□', '□', '□'], ['□', '□', '□', '□', '□', '□', '□', '□']] [0, 1] [7, 1]
(0, 1)
(1, 1) □
(2, 1) □
(3, 1) ♕
♕
checking queen
[0, 1] [0, 7]
collision checking [['□', '♕', '□', '□', '□', '□', '□', '□'], ['□', '□', '□', '□', '□', '□', '□', '□'], ['□', '□', '□', '□', '□', '□', '□', '□'], ['□', '□', '□', '□', '□', '□', '□', '□'], ['□', '□', '□', '□', '□', '□', '□', '□'], ['□', '□', '□', '□', '□', '□', '□', '□'], ['□', '□', '□', '□', '□', '□', '□', '□'], ['□', '□', '□', '□', '□', '□', '□', '□']] [0, 1] [0, 7]
(0, 1)
(0, 2) □
(0, 3) □
(0, 4) □
(0, 5) □
(0, 6) □
(0, 7) □
all free
queen collision True
collision checking [['□', '♕', '□', '□', '□', '□', '□', '□'], ['□', '□', '□', '□', '□', '□', '□', '□'], ['□', '□', '□', '□', '□', '□', '□', '□'], ['□', '□', '□', '□', '□', '□', '□', '□'], ['□', '□', '□', '□', '□', '□', '□', '□'], ['□', '□', '□', '□', '□', '□', '□', '□'], ['□', '□', '□', '□', '□', '□', '□', '□'], ['□', '□', '□', '□', '□', '□', '□', '□']] [0, 1] [0, 7]
(0, 1)
(0, 2) □
(0, 3) □
(0, 4) □
(0, 5) □
(0, 6) □
(0, 7) □
all free
♕
checking queen
[0, 1] [0, 7]
collision checking [['□', '♕', '□', '□', '□', '□', '□', '♜'], ['□', '□', '□', '□', '□', '□', '□', '□'], ['□', '□', '□', '□', '□', '□', '□', '□'], ['□', '□', '□', '□', '□', '□', '□', '□'], ['□', '□', '□', '□', '□', '□', '□', '□'], ['□', '□', '□', '□', '□', '□', '□', '□'], ['□', '□', '□', '□', '□', '□', '□', '□'], ['□', '□', '□', '□', '□', '□', '□', '□']] [0, 1] [0, 7]
(0, 1)
(0, 2) □
(0, 3) □
(0, 4) □
(0, 5) □
(0, 6) □
(0, 7) ♜
all free
queen collision True
collision checking [['□', '♕', '□', '□', '□', '□', '□', '♜'], ['□', '□', '□', '□', '□', '□', '□', '□'], ['□', '□', '□', '□', '□', '□', '□', '□'], ['□', '□', '□', '□', '□', '□', '□', '□'], ['□', '□', '□', '□', '□', '□', '□', '□'], ['□', '□', '□', '□', '□', '□', '□', '□'], ['□', '□', '□', '□', '□', '□', '□', '□'], ['□', '□', '□', '□', '□', '□', '□', '□']] [0, 1] [0, 7]
(0, 1)
(0, 2) □
(0, 3) □
(0, 4) □
(0, 5) □
(0, 6) □
(0, 7) ♜
all free
♕
wrong chosen
♕
checking queen
[0, 1] [0, 7]
collision checking [['□', '♕', '□', '□', '♕', '□', '□', '□'], ['□', '□', '□', '□', '□', '□', '□', '□'], ['□', '□', '□', '□', '□', '□', '□', '□'], ['□', '□', '□', '□', '□', '□', '□', '□'], ['□', '□', '□', '□', '□', '□', '□', '□'], ['□', '□', '□', '□', '□', '□', '□', '□'], ['□', '□', '□', '□', '□', '□', '□', '□'], ['□', '□', '□', '□', '□', '□', '□', '□']] [0, 1] [0, 7]
(0, 1)
(0, 2) □
(0, 3) □
(0, 4) ♕
queen collision False
collision checking [['□', '♕', '□', '□', '♕', '□', '□', '□'], ['□', '□', '□', '□', '□', '□', '□', '□'], ['□', '□', '□', '□', '□', '□', '□', '□'], ['□', '□', '□', '□', '□', '□', '□', '□'], ['□', '□', '□', '□', '□', '□', '□', '□'], ['□', '□', '□', '□', '□', '□', '□', '□'], ['□', '□', '□', '□', '□', '□', '□', '□'], ['□', '□', '□', '□', '□', '□', '□', '□']] [0, 1] [0, 7]
(0, 1)
(0, 2) □
(0, 3) □
(0, 4) ♕
♕
checking queen
[0, 1] [1, 2]
collision checking [['□', '♕', '□', '□', '□', '□', '□', '□'], ['□', '□', '□', '□', '□', '□', '□', '□'], ['□', '□', '□', '□', '□', '□', '□', '□'], ['□', '□', '□', '□', '□', '□', '□', '□'], ['□', '□', '□', '□', '□', '□', '□', '□'], ['□', '□', '□', '□', '□', '□', '□', '□'], ['□', '□', '□', '□', '□', '□', '□', '□'], ['□', '□', '□', '□', '□', '□', '□', '□']] [0, 1] [1, 2]
(0, 1)
(1, 2) □
all free
queen collision True
collision checking [['□', '♕', '□', '□', '□', '□', '□', '□'], ['□', '□', '□', '□', '□', '□', '□', '□'], ['□', '□', '□', '□', '□', '□', '□', '□'], ['□', '□', '□', '□', '□', '□', '□', '□'], ['□', '□', '□', '□', '□', '□', '□', '□'], ['□', '□', '□', '□', '□', '□', '□', '□'], ['□', '□', '□', '□', '□', '□', '□', '□'], ['□', '□', '□', '□', '□', '□', '□', '□']] [0, 1] [1, 2]
(0, 1)
(1, 2) □
all free
♕
checking queen
[0, 1] [1, 0]
collision checking [['□', '♕', '□', '□', '□', '□', '□', '□'], ['□', '□', '□', '□', '□', '□', '□', '□'], ['□', '□', '□', '□', '□', '□', '□', '□'], ['□', '□', '□', '□', '□', '□', '□', '□'], ['□', '□', '□', '□', '□', '□', '□', '□'], ['□', '□', '□', '□', '□', '□', '□', '□'], ['□', '□', '□', '□', '□', '□', '□', '□'], ['□', '□', '□', '□', '□', '□', '□', '□']] [0, 1] [1, 0]
(0, 1)
(1, 0) □
all free
queen collision True
collision checking [['□', '♕', '□', '□', '□', '□', '□', '□'], ['□', '□', '□', '□', '□', '□', '□', '□'], ['□', '□', '□', '□', '□', '□', '□', '□'], ['□', '□', '□', '□', '□', '□', '□', '□'], ['□', '□', '□', '□', '□', '□', '□', '□'], ['□', '□', '□', '□', '□', '□', '□', '□'], ['□', '□', '□', '□', '□', '□', '□', '□'], ['□', '□', '□', '□', '□', '□', '□', '□']] [0, 1] [1, 0]
(0, 1)
(1, 0) □
all free
♕
checking queen
[0, 1] [1, 2]
collision checking [['□', '♕', '□', '□', '□', '□', '□', '□'], ['□', '□', '♜', '□', '□', '□', '□', '□'], ['□', '□', '□', '□', '□', '□', '□', '□'], ['□', '□', '□', '□', '□', '□', '□', '□'], ['□', '□', '□', '□', '□', '□', '□', '□'], ['□', '□', '□', '□', '□', '□', '□', '□'], ['□', '□', '□', '□', '□', '□', '□', '□'], ['□', '□', '□', '□', '□', '□', '□', '□']] [0, 1] [1, 2]
(0, 1)
(1, 2) ♜
all free
queen collision True
collision checking [['□', '♕', '□', '□', '□', '□', '□', '□'], ['□', '□', '♜', '□', '□', '□', '□', '□'], ['□', '□', '□', '□', '□', '□', '□', '□'], ['□', '□', '□', '□', '□', '□', '□', '□'], ['□', '□', '□', '□', '□', '□', '□', '□'], ['□', '□', '□', '□', '□', '□', '□', '□'], ['□', '□', '□', '□', '□', '□', '□', '□'], ['□', '□', '□', '□', '□', '□', '□', '□']] [0, 1] [1, 2]
(0, 1)
(1, 2) ♜
all free
♕
checking queen
[0, 1] [1, 0]
collision checking [['□', '♕', '□', '□', '□', '□', '□', '□'], ['♜', '□', '□', '□', '□', '□', '□', '□'], ['□', '□', '□', '□', '□', '□', '□', '□'], ['□', '□', '□', '□', '□', '□', '□', '□'], ['□', '□', '□', '□', '□', '□', '□', '□'], ['□', '□', '□', '□', '□', '□', '□', '□'], ['□', '□', '□', '□', '□', '□', '□', '□'], ['□', '□', '□', '□', '□', '□', '□', '□']] [0, 1] [1, 0]
(0, 1)
(1, 0) ♜
all free
queen collision True
collision checking [['□', '♕', '□', '□', '□', '□', '□', '□'], ['♜', '□', '□', '□', '□', '□', '□', '□'], ['□', '□', '□', '□', '□', '□', '□', '□'], ['□', '□', '□', '□', '□', '□', '□', '□'], ['□', '□', '□', '□', '□', '□', '□', '□'], ['□', '□', '□', '□', '□', '□', '□', '□'], ['□', '□', '□', '□', '□', '□', '□', '□'], ['□', '□', '□', '□', '□', '□', '□', '□']] [0, 1] [1, 0]
(0, 1)
(1, 0) ♜
all free
♕
checking queen
[0, 1] [0, 2]
collision checking [['□', '♕', '□', '□', '□', '□', '□', '□'], ['□', '□', '□', '□', '□', '□', '□', '□'], ['□', '□', '□', '□', '□', '□', '□', '□'], ['□', '□', '□', '□', '□', '□', '□', '□'], ['□', '□', '□', '□', '□', '□', '□', '□'], ['□', '□', '□', '□', '□', '□', '□', '□'], ['□', '□', '□', '□', '□', '□', '□', '□'], ['□', '□', '□', '□', '□', '□', '□', '□']] [0, 1] [0, 2]
(0, 1)
(0, 2) □
all free
queen collision True
collision checking [['□', '♕', '□', '□', '□', '□', '□', '□'], ['□', '□', '□', '□', '□', '□', '□', '□'], ['□', '□', '□', '□', '□', '□', '□', '□'], ['□', '□', '□', '□', '□', '□', '□', '□'], ['□', '□', '□', '□', '□', '□', '□', '□'], ['□', '□', '□', '□', '□', '□', '□', '□'], ['□', '□', '□', '□', '□', '□', '□', '□'], ['□', '□', '□', '□', '□', '□', '□', '□']] [0, 1] [0, 2]
(0, 1)
(0, 2) □
all free
-------LOG END------
[[0, 1], [0, 2]] ['white', False, 'commet']
True
1 □♕□□□□□□
2 □□□□□□□□
3 □□□□□□□□
4 □□□□□□□□
5 □□□□□□□□
6 □□□□□□□□
7 □□□□□□□□
8 □□□□□□□□
  12345678


